[ERROR] 02:04:49:888 consola/(8566:8566): Error al conectarse a KERNEL :(
[INFO] 23:08:10:527 consola/(38924:38924): INICIANDO CONSOLA...
[ERROR] 23:08:10:527 consola/(38924:38924): CANTIDAD DE PARAMETROS INCORRECTA
[INFO] 23:09:00:775 consola/(39091:39091): INICIANDO CONSOLA...
[INFO] 23:09:00:775 consola/(39091:39091): Cantidad de parametros: 1
[ERROR] 23:09:00:776 consola/(39091:39091): CANTIDAD DE PARAMETROS INCORRECTA
[INFO] 23:09:35:299 consola/(39233:39233): INICIANDO CONSOLA...
[INFO] 23:09:35:300 consola/(39233:39233): Cantidad de parametros: 3
[ERROR] 23:09:35:300 consola/(39233:39233): CONSOLA INICIALIZADA CORRECTAMENTE
[INFO] 23:09:35:300 consola/(39233:39233): CONSOLA-KERNEL
[INFO] 23:09:35:301 consola/(39233:39233): INSTRUCCIONES ENVIADAS, ESPERANDO...

[INFO] 23:10:17:226 consola/(39560:39560): INICIANDO CONSOLA...
[INFO] 23:10:17:227 consola/(39560:39560): Cantidad de parametros: 3
[ERROR] 23:10:17:227 consola/(39560:39560): CONSOLA INICIALIZADA CORRECTAMENTE
[INFO] 23:10:17:227 consola/(39560:39560): CONSOLA-KERNEL
[INFO] 23:10:17:227 consola/(39560:39560): INSTRUCCIONES ENVIADAS, ESPERANDO...

[INFO] 23:12:12:452 consola/(40219:40219): INICIANDO CONSOLA...
[INFO] 23:12:12:452 consola/(40219:40219): Cantidad de parametros: 3
[INFO] 23:12:12:452 consola/(40219:40219): CONSOLA INICIALIZADA CORRECTAMENTE
[INFO] 23:12:12:452 consola/(40219:40219): CONSOLA-KERNEL
[INFO] 23:12:12:452 consola/(40219:40219): INSTRUCCIONES ENVIADAS, ESPERANDO...

[INFO] 23:19:32:960 consola/(42047:42047): INICIANDO CONSOLA...
[INFO] 23:19:32:960 consola/(42047:42047): Cantidad de parametros: 3
[INFO] 23:19:32:960 consola/(42047:42047): CONSOLA INICIALIZADA CORRECTAMENTE
[ERROR] 23:19:32:961 consola/(42047:42047): Error al conectarse!
[INFO] 23:19:32:962 consola/(42047:42047): CONSOLA-KERNEL
[INFO] 23:20:08:839 consola/(42303:42303): INICIANDO CONSOLA...
[INFO] 23:20:08:839 consola/(42303:42303): Cantidad de parametros: 3
[INFO] 23:20:08:839 consola/(42303:42303): CONSOLA INICIALIZADA CORRECTAMENTE
[ERROR] 23:20:08:840 consola/(42303:42303): Error al conectarse!
[INFO] 23:20:08:840 consola/(42303:42303): CONSOLA-KERNEL
[INFO] 23:20:40:151 consola/(42411:42411): INICIANDO CONSOLA...
[INFO] 23:20:40:151 consola/(42411:42411): Cantidad de parametros: 1
[ERROR] 23:20:40:151 consola/(42411:42411): CANTIDAD DE PARAMETROS INCORRECTA
[INFO] 23:20:52:079 consola/(42462:42462): INICIANDO CONSOLA...
[INFO] 23:20:52:080 consola/(42462:42462): Cantidad de parametros: 1
[ERROR] 23:20:52:080 consola/(42462:42462): CANTIDAD DE PARAMETROS INCORRECTA
[ERROR] 23:20:52:080 consola/(42462:42462): Error al conectarse!
[INFO] 23:20:52:080 consola/(42462:42462): CONSOLA-KERNEL
[INFO] 23:21:18:063 consola/(42609:42609): INICIANDO CONSOLA...
[INFO] 23:21:18:063 consola/(42609:42609): Cantidad de parametros: 1
[ERROR] 23:21:18:064 consola/(42609:42609): CANTIDAD DE PARAMETROS INCORRECTA
[ERROR] 23:21:18:064 consola/(42609:42609): Error al conectarse!
[INFO] 23:21:18:064 consola/(42609:42609): CONSOLA-KERNEL
[INFO] 23:21:45:852 consola/(43375:43375): INICIANDO CONSOLA...
[INFO] 23:21:45:853 consola/(43375:43375): Cantidad de parametros: 1
[ERROR] 23:21:45:853 consola/(43375:43375): CANTIDAD DE PARAMETROS INCORRECTA
[ERROR] 23:21:45:853 consola/(43375:43375): Error al conectarse!
[INFO] 23:21:45:853 consola/(43375:43375): CONSOLA-KERNEL
[INFO] 23:22:34:399 consola/(43487:43487): INICIANDO CONSOLA...
[INFO] 23:22:34:399 consola/(43487:43487): Cantidad de parametros: 1
[ERROR] 23:22:34:400 consola/(43487:43487): CANTIDAD DE PARAMETROS INCORRECTA
[INFO] 23:22:34:400 consola/(43487:43487): Me conecté a la IP: 127.0.0.1
[INFO] 23:22:34:400 consola/(43487:43487): Me conecté al PUERTO: 8000
[ERROR] 23:22:34:400 consola/(43487:43487): Error al conectarse!
[INFO] 23:22:34:400 consola/(43487:43487): CONSOLA-KERNEL
[INFO] 23:22:43:317 consola/(43538:43538): INICIANDO CONSOLA...
[INFO] 23:22:43:317 consola/(43538:43538): Cantidad de parametros: 1
[ERROR] 23:22:43:317 consola/(43538:43538): CANTIDAD DE PARAMETROS INCORRECTA
[INFO] 23:22:43:317 consola/(43538:43538): Me conecté a la IP: 127.0.0.1
[INFO] 23:22:43:317 consola/(43538:43538): Me conecté al PUERTO: 8000
[ERROR] 23:22:43:317 consola/(43538:43538): Error al conectarse!
[INFO] 23:22:43:317 consola/(43538:43538): CONSOLA-KERNEL
[INFO] 23:22:54:291 consola/(43604:43604): INICIANDO CONSOLA...
[INFO] 23:22:54:291 consola/(43604:43604): Cantidad de parametros: 1
[ERROR] 23:22:54:291 consola/(43604:43604): CANTIDAD DE PARAMETROS INCORRECTA
[INFO] 23:22:54:292 consola/(43604:43604): Me conecté a la IP: 127.0.0.1
[INFO] 23:22:54:292 consola/(43604:43604): Me conecté al PUERTO: 8000
[INFO] 23:22:54:293 consola/(43604:43604): CONSOLA-KERNEL
[INFO] 23:22:54:293 consola/(43604:43604): INSTRUCCIONES ENVIADAS, ESPERANDO...

[INFO] 23:23:27:775 consola/(43851:43851): INICIANDO CONSOLA...
[INFO] 23:23:27:775 consola/(43851:43851): Cantidad de parametros: 1
[ERROR] 23:23:27:775 consola/(43851:43851): CANTIDAD DE PARAMETROS INCORRECTA
[INFO] 23:23:27:775 consola/(43851:43851): Me conecté a la IP: 127.0.0.1
[INFO] 23:23:27:775 consola/(43851:43851): Me conecté al PUERTO: 8000
[INFO] 23:23:27:775 consola/(43851:43851): CONSOLA-KERNEL
[INFO] 23:23:27:775 consola/(43851:43851): INSTRUCCIONES ENVIADAS, ESPERANDO...

[INFO] 23:23:32:958 consola/(43896:43896): INICIANDO CONSOLA...
[INFO] 23:23:32:958 consola/(43896:43896): Cantidad de parametros: 1
[ERROR] 23:23:32:958 consola/(43896:43896): CANTIDAD DE PARAMETROS INCORRECTA
[INFO] 23:23:32:958 consola/(43896:43896): Me conecté a la IP: 127.0.0.1
[INFO] 23:23:32:958 consola/(43896:43896): Me conecté al PUERTO: 8000
[INFO] 23:23:32:958 consola/(43896:43896): CONSOLA-KERNEL
[INFO] 23:23:32:958 consola/(43896:43896): INSTRUCCIONES ENVIADAS, ESPERANDO...

[INFO] 23:23:43:014 consola/(43965:43965): INICIANDO CONSOLA...
[INFO] 23:23:43:014 consola/(43965:43965): Cantidad de parametros: 1
[ERROR] 23:23:43:015 consola/(43965:43965): CANTIDAD DE PARAMETROS INCORRECTA
[INFO] 23:23:43:015 consola/(43965:43965): Me conecté a la IP: 127.0.0.1
[INFO] 23:23:43:015 consola/(43965:43965): Me conecté al PUERTO: 8000
[INFO] 23:23:43:016 consola/(43965:43965): CONSOLA-KERNEL
[INFO] 23:23:43:016 consola/(43965:43965): INSTRUCCIONES ENVIADAS, ESPERANDO...

[INFO] 23:23:43:714 consola/(43970:43970): INICIANDO CONSOLA...
[INFO] 23:23:43:714 consola/(43970:43970): Cantidad de parametros: 1
[ERROR] 23:23:43:714 consola/(43970:43970): CANTIDAD DE PARAMETROS INCORRECTA
[INFO] 23:23:43:715 consola/(43970:43970): Me conecté a la IP: 127.0.0.1
[INFO] 23:23:43:715 consola/(43970:43970): Me conecté al PUERTO: 8000
[INFO] 23:23:43:715 consola/(43970:43970): CONSOLA-KERNEL
[INFO] 23:23:43:716 consola/(43970:43970): INSTRUCCIONES ENVIADAS, ESPERANDO...

[INFO] 23:23:44:157 consola/(43985:43985): INICIANDO CONSOLA...
[INFO] 23:23:44:157 consola/(43985:43985): Cantidad de parametros: 1
[ERROR] 23:23:44:157 consola/(43985:43985): CANTIDAD DE PARAMETROS INCORRECTA
[INFO] 23:23:44:157 consola/(43985:43985): Me conecté a la IP: 127.0.0.1
[INFO] 23:23:44:157 consola/(43985:43985): Me conecté al PUERTO: 8000
[INFO] 23:23:44:158 consola/(43985:43985): CONSOLA-KERNEL
[INFO] 23:23:44:158 consola/(43985:43985): INSTRUCCIONES ENVIADAS, ESPERANDO...

[INFO] 23:23:44:581 consola/(43990:43990): INICIANDO CONSOLA...
[INFO] 23:23:44:582 consola/(43990:43990): Cantidad de parametros: 1
[ERROR] 23:23:44:583 consola/(43990:43990): CANTIDAD DE PARAMETROS INCORRECTA
[INFO] 23:23:44:584 consola/(43990:43990): Me conecté a la IP: 127.0.0.1
[INFO] 23:23:44:584 consola/(43990:43990): Me conecté al PUERTO: 8000
[INFO] 23:23:44:585 consola/(43990:43990): CONSOLA-KERNEL
[INFO] 23:23:44:586 consola/(43990:43990): INSTRUCCIONES ENVIADAS, ESPERANDO...

[INFO] 23:23:44:981 consola/(43994:43994): INICIANDO CONSOLA...
[INFO] 23:23:44:981 consola/(43994:43994): Cantidad de parametros: 1
[ERROR] 23:23:44:981 consola/(43994:43994): CANTIDAD DE PARAMETROS INCORRECTA
[INFO] 23:23:44:981 consola/(43994:43994): Me conecté a la IP: 127.0.0.1
[INFO] 23:23:44:981 consola/(43994:43994): Me conecté al PUERTO: 8000
[INFO] 23:23:44:982 consola/(43994:43994): CONSOLA-KERNEL
[INFO] 23:23:44:982 consola/(43994:43994): INSTRUCCIONES ENVIADAS, ESPERANDO...

[INFO] 23:23:45:328 consola/(44006:44006): INICIANDO CONSOLA...
[INFO] 23:23:45:328 consola/(44006:44006): Cantidad de parametros: 1
[ERROR] 23:23:45:328 consola/(44006:44006): CANTIDAD DE PARAMETROS INCORRECTA
[INFO] 23:23:45:328 consola/(44006:44006): Me conecté a la IP: 127.0.0.1
[INFO] 23:23:45:328 consola/(44006:44006): Me conecté al PUERTO: 8000
[INFO] 23:23:45:328 consola/(44006:44006): CONSOLA-KERNEL
[INFO] 23:23:45:328 consola/(44006:44006): INSTRUCCIONES ENVIADAS, ESPERANDO...

[INFO] 23:23:45:621 consola/(44010:44010): INICIANDO CONSOLA...
[INFO] 23:23:45:621 consola/(44010:44010): Cantidad de parametros: 1
[ERROR] 23:23:45:621 consola/(44010:44010): CANTIDAD DE PARAMETROS INCORRECTA
[INFO] 23:23:45:622 consola/(44010:44010): Me conecté a la IP: 127.0.0.1
[INFO] 23:23:45:622 consola/(44010:44010): Me conecté al PUERTO: 8000
[INFO] 23:23:45:623 consola/(44010:44010): CONSOLA-KERNEL
[INFO] 23:23:45:623 consola/(44010:44010): INSTRUCCIONES ENVIADAS, ESPERANDO...

[INFO] 23:23:45:892 consola/(44014:44014): INICIANDO CONSOLA...
[INFO] 23:23:45:892 consola/(44014:44014): Cantidad de parametros: 1
[ERROR] 23:23:45:892 consola/(44014:44014): CANTIDAD DE PARAMETROS INCORRECTA
[INFO] 23:23:45:892 consola/(44014:44014): Me conecté a la IP: 127.0.0.1
[INFO] 23:23:45:892 consola/(44014:44014): Me conecté al PUERTO: 8000
[INFO] 23:23:45:892 consola/(44014:44014): CONSOLA-KERNEL
[INFO] 23:23:45:892 consola/(44014:44014): INSTRUCCIONES ENVIADAS, ESPERANDO...

[INFO] 23:23:46:156 consola/(44018:44018): INICIANDO CONSOLA...
[INFO] 23:23:46:157 consola/(44018:44018): Cantidad de parametros: 1
[ERROR] 23:23:46:157 consola/(44018:44018): CANTIDAD DE PARAMETROS INCORRECTA
[INFO] 23:23:46:157 consola/(44018:44018): Me conecté a la IP: 127.0.0.1
[INFO] 23:23:46:157 consola/(44018:44018): Me conecté al PUERTO: 8000
[INFO] 23:23:46:157 consola/(44018:44018): CONSOLA-KERNEL
[INFO] 23:23:46:157 consola/(44018:44018): INSTRUCCIONES ENVIADAS, ESPERANDO...

[INFO] 23:23:46:470 consola/(44023:44023): INICIANDO CONSOLA...
[INFO] 23:23:46:470 consola/(44023:44023): Cantidad de parametros: 1
[ERROR] 23:23:46:470 consola/(44023:44023): CANTIDAD DE PARAMETROS INCORRECTA
[INFO] 23:23:46:470 consola/(44023:44023): Me conecté a la IP: 127.0.0.1
[INFO] 23:23:46:470 consola/(44023:44023): Me conecté al PUERTO: 8000
[INFO] 23:23:46:470 consola/(44023:44023): CONSOLA-KERNEL
[INFO] 23:23:46:470 consola/(44023:44023): INSTRUCCIONES ENVIADAS, ESPERANDO...

[INFO] 23:23:46:733 consola/(44027:44027): INICIANDO CONSOLA...
[INFO] 23:23:46:733 consola/(44027:44027): Cantidad de parametros: 1
[ERROR] 23:23:46:733 consola/(44027:44027): CANTIDAD DE PARAMETROS INCORRECTA
[INFO] 23:23:46:734 consola/(44027:44027): Me conecté a la IP: 127.0.0.1
[INFO] 23:23:46:734 consola/(44027:44027): Me conecté al PUERTO: 8000
[INFO] 23:23:46:734 consola/(44027:44027): CONSOLA-KERNEL
[INFO] 23:23:46:734 consola/(44027:44027): INSTRUCCIONES ENVIADAS, ESPERANDO...

[INFO] 23:23:46:941 consola/(44031:44031): INICIANDO CONSOLA...
[INFO] 23:23:46:941 consola/(44031:44031): Cantidad de parametros: 1
[ERROR] 23:23:46:941 consola/(44031:44031): CANTIDAD DE PARAMETROS INCORRECTA
[INFO] 23:23:46:941 consola/(44031:44031): Me conecté a la IP: 127.0.0.1
[INFO] 23:23:46:941 consola/(44031:44031): Me conecté al PUERTO: 8000
[INFO] 23:23:46:941 consola/(44031:44031): CONSOLA-KERNEL
[INFO] 23:23:46:941 consola/(44031:44031): INSTRUCCIONES ENVIADAS, ESPERANDO...

[INFO] 23:23:47:109 consola/(44035:44035): INICIANDO CONSOLA...
[INFO] 23:23:47:111 consola/(44035:44035): Cantidad de parametros: 1
[ERROR] 23:23:47:113 consola/(44035:44035): CANTIDAD DE PARAMETROS INCORRECTA
[INFO] 23:23:47:114 consola/(44035:44035): Me conecté a la IP: 127.0.0.1
[INFO] 23:23:47:115 consola/(44035:44035): Me conecté al PUERTO: 8000
[INFO] 23:23:47:116 consola/(44035:44035): CONSOLA-KERNEL
[INFO] 23:23:47:116 consola/(44035:44035): INSTRUCCIONES ENVIADAS, ESPERANDO...

[INFO] 23:23:47:273 consola/(44039:44039): INICIANDO CONSOLA...
[INFO] 23:23:47:273 consola/(44039:44039): Cantidad de parametros: 1
[ERROR] 23:23:47:274 consola/(44039:44039): CANTIDAD DE PARAMETROS INCORRECTA
[INFO] 23:23:47:274 consola/(44039:44039): Me conecté a la IP: 127.0.0.1
[INFO] 23:23:47:274 consola/(44039:44039): Me conecté al PUERTO: 8000
[INFO] 23:23:47:275 consola/(44039:44039): CONSOLA-KERNEL
[INFO] 23:23:47:275 consola/(44039:44039): INSTRUCCIONES ENVIADAS, ESPERANDO...

[INFO] 23:23:47:439 consola/(44044:44044): INICIANDO CONSOLA...
[INFO] 23:23:47:439 consola/(44044:44044): Cantidad de parametros: 1
[ERROR] 23:23:47:441 consola/(44044:44044): CANTIDAD DE PARAMETROS INCORRECTA
[INFO] 23:23:47:442 consola/(44044:44044): Me conecté a la IP: 127.0.0.1
[INFO] 23:23:47:442 consola/(44044:44044): Me conecté al PUERTO: 8000
[INFO] 23:23:47:444 consola/(44044:44044): CONSOLA-KERNEL
[INFO] 23:23:47:444 consola/(44044:44044): INSTRUCCIONES ENVIADAS, ESPERANDO...

[INFO] 23:23:47:626 consola/(44048:44048): INICIANDO CONSOLA...
[INFO] 23:23:47:627 consola/(44048:44048): Cantidad de parametros: 1
[ERROR] 23:23:47:634 consola/(44048:44048): CANTIDAD DE PARAMETROS INCORRECTA
[INFO] 23:23:47:635 consola/(44048:44048): Me conecté a la IP: 127.0.0.1
[INFO] 23:23:47:636 consola/(44048:44048): Me conecté al PUERTO: 8000
[INFO] 23:23:47:637 consola/(44048:44048): CONSOLA-KERNEL
[INFO] 23:23:47:638 consola/(44048:44048): INSTRUCCIONES ENVIADAS, ESPERANDO...

[INFO] 23:57:27:317 consola/(51194:51194): INICIANDO CONSOLA...
[INFO] 23:57:27:317 consola/(51194:51194): Cantidad de parametros: 1
[ERROR] 23:57:27:317 consola/(51194:51194): CANTIDAD DE PARAMETROS INCORRECTA
[INFO] 23:57:27:317 consola/(51194:51194): CONSOLA-KERNEL
[INFO] 23:57:27:317 consola/(51194:51194): INSTRUCCIONES ENVIADAS, ESPERANDO...

[INFO] 00:12:04:661 consola/(53869:53869): INICIANDO CONSOLA...
[INFO] 00:12:04:661 consola/(53869:53869): Cantidad de parametros: 1
[ERROR] 00:12:04:662 consola/(53869:53869): CANTIDAD DE PARAMETROS INCORRECTA
[INFO] 00:12:04:663 consola/(53869:53869): CONSOLA-KERNEL
[INFO] 00:12:04:664 consola/(53869:53869): INSTRUCCIONES ENVIADAS, ESPERANDO...

[INFO] 00:20:51:661 consola/(55331:55331): INICIANDO CONSOLA...
[INFO] 00:20:51:661 consola/(55331:55331): Cantidad de parametros: 1
[ERROR] 00:20:51:661 consola/(55331:55331): CANTIDAD DE PARAMETROS INCORRECTA
[INFO] 00:20:51:662 consola/(55331:55331): CONSOLA-KERNEL
[INFO] 00:20:51:663 consola/(55331:55331): INSTRUCCIONES ENVIADAS, ESPERANDO...

[INFO] 22:35:17:959 consola/(70768:70768): INICIANDO CONSOLA...
[INFO] 22:35:17:959 consola/(70768:70768): Cantidad de parametros: 1
[ERROR] 22:35:17:959 consola/(70768:70768): CANTIDAD DE PARAMETROS INCORRECTA
[ERROR] 22:35:17:960 consola/(70768:70768): Error al conectarse!
[INFO] 22:35:17:960 consola/(70768:70768): CONSOLA-KERNEL
[INFO] 22:36:59:823 consola/(71227:71227): INICIANDO CONSOLA...
[INFO] 22:36:59:824 consola/(71227:71227): Cantidad de parametros: 1
[ERROR] 22:36:59:824 consola/(71227:71227): CANTIDAD DE PARAMETROS INCORRECTA
[ERROR] 22:36:59:824 consola/(71227:71227): Error al conectarse!
[INFO] 22:36:59:824 consola/(71227:71227): CONSOLA-KERNEL
[INFO] 00:25:15:830 consola/(76105:76105): INICIANDO CONSOLA...
[INFO] 00:25:15:830 consola/(76105:76105): Cantidad de parametros: 1
[ERROR] 00:25:15:830 consola/(76105:76105): CANTIDAD DE PARAMETROS INCORRECTA
[ERROR] 00:25:15:831 consola/(76105:76105): Error al conectarse!
[INFO] 00:25:15:831 consola/(76105:76105): CONSOLA-KERNEL
[INFO] 00:25:30:577 consola/(76174:76174): INICIANDO CONSOLA...
[INFO] 00:25:30:577 consola/(76174:76174): Cantidad de parametros: 1
[ERROR] 00:25:30:578 consola/(76174:76174): CANTIDAD DE PARAMETROS INCORRECTA
[ERROR] 00:25:30:581 consola/(76174:76174): Error al conectarse!
[INFO] 00:25:30:581 consola/(76174:76174): CONSOLA-KERNEL
[INFO] 00:25:49:630 consola/(76228:76228): INICIANDO CONSOLA...
[INFO] 00:25:49:635 consola/(76228:76228): Cantidad de parametros: 1
[ERROR] 00:25:49:636 consola/(76228:76228): CANTIDAD DE PARAMETROS INCORRECTA
[ERROR] 00:25:49:637 consola/(76228:76228): Error al conectarse!
[INFO] 00:25:49:637 consola/(76228:76228): CONSOLA-KERNEL
[INFO] 00:26:29:267 consola/(76378:76378): INICIANDO CONSOLA...
[INFO] 00:26:29:268 consola/(76378:76378): Cantidad de parametros: 1
[ERROR] 00:26:29:268 consola/(76378:76378): CANTIDAD DE PARAMETROS INCORRECTA
[ERROR] 00:26:29:268 consola/(76378:76378): Error al conectarse!
[INFO] 00:26:29:268 consola/(76378:76378): CONSOLA-KERNEL
[INFO] 00:27:30:083 consola/(76656:76656): INICIANDO CONSOLA...
[INFO] 00:27:30:085 consola/(76656:76656): Cantidad de parametros: 1
[ERROR] 00:27:30:086 consola/(76656:76656): CANTIDAD DE PARAMETROS INCORRECTA
[INFO] 00:27:30:088 consola/(76656:76656): CONSOLA-KERNEL
[INFO] 00:27:30:092 consola/(76656:76656): INSTRUCCIONES ENVIADAS, ESPERANDO...

[INFO] 00:27:34:811 consola/(76700:76700): INICIANDO CONSOLA...
[INFO] 00:27:34:813 consola/(76700:76700): Cantidad de parametros: 1
[ERROR] 00:27:34:815 consola/(76700:76700): CANTIDAD DE PARAMETROS INCORRECTA
[INFO] 00:27:34:817 consola/(76700:76700): CONSOLA-KERNEL
[INFO] 00:27:34:818 consola/(76700:76700): INSTRUCCIONES ENVIADAS, ESPERANDO...

[INFO] 00:27:43:350 consola/(76837:76837): INICIANDO CONSOLA...
[INFO] 00:27:43:350 consola/(76837:76837): Cantidad de parametros: 1
[ERROR] 00:27:43:350 consola/(76837:76837): CANTIDAD DE PARAMETROS INCORRECTA
[INFO] 00:27:43:350 consola/(76837:76837): CONSOLA-KERNEL
[INFO] 00:27:43:350 consola/(76837:76837): INSTRUCCIONES ENVIADAS, ESPERANDO...

[INFO] 00:27:44:424 consola/(76842:76842): INICIANDO CONSOLA...
[INFO] 00:27:44:426 consola/(76842:76842): Cantidad de parametros: 1
[ERROR] 00:27:44:427 consola/(76842:76842): CANTIDAD DE PARAMETROS INCORRECTA
[INFO] 00:27:44:437 consola/(76842:76842): CONSOLA-KERNEL
[INFO] 00:27:44:438 consola/(76842:76842): INSTRUCCIONES ENVIADAS, ESPERANDO...

[INFO] 00:27:44:986 consola/(76857:76857): INICIANDO CONSOLA...
[INFO] 00:27:44:988 consola/(76857:76857): Cantidad de parametros: 1
[ERROR] 00:27:45:001 consola/(76857:76857): CANTIDAD DE PARAMETROS INCORRECTA
[INFO] 00:27:45:003 consola/(76857:76857): CONSOLA-KERNEL
[INFO] 00:27:45:004 consola/(76857:76857): INSTRUCCIONES ENVIADAS, ESPERANDO...

[INFO] 00:27:45:504 consola/(76862:76862): INICIANDO CONSOLA...
[INFO] 00:27:45:505 consola/(76862:76862): Cantidad de parametros: 1
[ERROR] 00:27:45:507 consola/(76862:76862): CANTIDAD DE PARAMETROS INCORRECTA
[INFO] 00:27:45:510 consola/(76862:76862): CONSOLA-KERNEL
[INFO] 00:27:45:512 consola/(76862:76862): INSTRUCCIONES ENVIADAS, ESPERANDO...

[INFO] 00:27:46:075 consola/(76873:76873): INICIANDO CONSOLA...
[INFO] 00:27:46:078 consola/(76873:76873): Cantidad de parametros: 1
[ERROR] 00:27:46:084 consola/(76873:76873): CANTIDAD DE PARAMETROS INCORRECTA
[INFO] 00:27:46:085 consola/(76873:76873): CONSOLA-KERNEL
[INFO] 00:27:46:085 consola/(76873:76873): INSTRUCCIONES ENVIADAS, ESPERANDO...

[INFO] 01:28:47:668 consola/(86477:86477): INICIANDO CONSOLA...
[INFO] 01:28:47:677 consola/(86477:86477): Cantidad de parametros: 1
[ERROR] 01:28:47:677 consola/(86477:86477): CANTIDAD DE PARAMETROS INCORRECTA
[INFO] 01:28:47:677 consola/(86477:86477): CONSOLA-KERNEL
[INFO] 01:28:47:677 consola/(86477:86477): INSTRUCCIONES ENVIADAS, ESPERANDO...

[INFO] 01:28:51:706 consola/(86533:86533): INICIANDO CONSOLA...
[INFO] 01:28:51:706 consola/(86533:86533): Cantidad de parametros: 1
[ERROR] 01:28:51:706 consola/(86533:86533): CANTIDAD DE PARAMETROS INCORRECTA
[INFO] 01:28:51:706 consola/(86533:86533): CONSOLA-KERNEL
[INFO] 01:28:51:706 consola/(86533:86533): INSTRUCCIONES ENVIADAS, ESPERANDO...

[INFO] 01:28:52:194 consola/(86538:86538): INICIANDO CONSOLA...
[INFO] 01:28:52:194 consola/(86538:86538): Cantidad de parametros: 1
[ERROR] 01:28:52:194 consola/(86538:86538): CANTIDAD DE PARAMETROS INCORRECTA
[INFO] 01:28:52:194 consola/(86538:86538): CONSOLA-KERNEL
[INFO] 01:28:52:194 consola/(86538:86538): INSTRUCCIONES ENVIADAS, ESPERANDO...

[INFO] 01:28:52:574 consola/(86542:86542): INICIANDO CONSOLA...
[INFO] 01:28:52:574 consola/(86542:86542): Cantidad de parametros: 1
[ERROR] 01:28:52:574 consola/(86542:86542): CANTIDAD DE PARAMETROS INCORRECTA
[INFO] 01:28:52:574 consola/(86542:86542): CONSOLA-KERNEL
[INFO] 01:28:52:574 consola/(86542:86542): INSTRUCCIONES ENVIADAS, ESPERANDO...

[INFO] 02:17:25:798 consola/(98504:98504): INICIANDO CONSOLA...
[INFO] 02:17:26:069 consola/(98504:98504): Cantidad de parametros: 1
[ERROR] 02:17:26:090 consola/(98504:98504): CANTIDAD DE PARAMETROS INCORRECTA
[INFO] 02:17:26:269 consola/(98504:98504): CONSOLA-KERNEL
[INFO] 02:17:26:289 consola/(98504:98504): INSTRUCCIONES ENVIADAS, ESPERANDO...

[INFO] 02:17:29:312 consola/(98574:98574): INICIANDO CONSOLA...
[INFO] 02:17:29:318 consola/(98574:98574): Cantidad de parametros: 1
[ERROR] 02:17:29:318 consola/(98574:98574): CANTIDAD DE PARAMETROS INCORRECTA
[INFO] 02:17:29:319 consola/(98574:98574): CONSOLA-KERNEL
[INFO] 02:17:29:319 consola/(98574:98574): INSTRUCCIONES ENVIADAS, ESPERANDO...

[INFO] 02:22:04:387 consola/(100419:100419): INICIANDO CONSOLA...
[INFO] 02:22:04:390 consola/(100419:100419): Cantidad de parametros: 1
[ERROR] 02:22:04:390 consola/(100419:100419): CANTIDAD DE PARAMETROS INCORRECTA
[INFO] 02:22:04:390 consola/(100419:100419): CONSOLA-KERNEL
[INFO] 02:22:04:390 consola/(100419:100419): INSTRUCCIONES ENVIADAS, ESPERANDO...

[INFO] 00:50:05:930 consola/(131925:131925): INICIANDO CONSOLA...
[INFO] 00:50:05:930 consola/(131925:131925): Cantidad de parametros: 1
[ERROR] 00:50:05:930 consola/(131925:131925): CANTIDAD DE PARAMETROS INCORRECTA
[ERROR] 00:50:05:931 consola/(131925:131925): Error al conectarse!
[INFO] 00:50:05:931 consola/(131925:131925): CONSOLA-KERNEL
[INFO] 00:50:45:221 consola/(132079:132079): INICIANDO CONSOLA...
[INFO] 00:50:45:222 consola/(132079:132079): Cantidad de parametros: 1
[ERROR] 00:50:45:223 consola/(132079:132079): CANTIDAD DE PARAMETROS INCORRECTA
[ERROR] 00:50:45:223 consola/(132079:132079): Error al conectarse!
[INFO] 00:50:45:224 consola/(132079:132079): CONSOLA-KERNEL
[INFO] 01:01:34:071 consola/(133172:133172): INICIANDO CONSOLA...
[INFO] 01:01:34:071 consola/(133172:133172): Cantidad de parametros: 1
[ERROR] 01:01:34:071 consola/(133172:133172): CANTIDAD DE PARAMETROS INCORRECTA
[ERROR] 01:01:34:072 consola/(133172:133172): Error al conectarse!
[INFO] 01:01:34:072 consola/(133172:133172): CONSOLA-KERNEL
[INFO] 01:02:13:571 consola/(133293:133293): INICIANDO CONSOLA...
[INFO] 01:02:13:571 consola/(133293:133293): Cantidad de parametros: 1
[ERROR] 01:02:13:571 consola/(133293:133293): CANTIDAD DE PARAMETROS INCORRECTA
[ERROR] 01:02:13:571 consola/(133293:133293): Error al conectarse!
[INFO] 01:02:13:571 consola/(133293:133293): CONSOLA-KERNEL
[INFO] 01:03:55:457 consola/(133505:133505): INICIANDO CONSOLA...
[INFO] 01:03:55:458 consola/(133505:133505): Cantidad de parametros: 1
[ERROR] 01:03:55:458 consola/(133505:133505): CANTIDAD DE PARAMETROS INCORRECTA
[INFO] 01:04:34:236 consola/(133603:133603): INICIANDO CONSOLA...
[INFO] 01:04:34:237 consola/(133603:133603): Cantidad de parametros: 1
[ERROR] 01:04:34:238 consola/(133603:133603): CANTIDAD DE PARAMETROS INCORRECTA
[INFO] 01:04:52:660 consola/(133682:133682): INICIANDO CONSOLA...
[INFO] 01:04:52:660 consola/(133682:133682): Cantidad de parametros: 1
[ERROR] 01:04:52:660 consola/(133682:133682): CANTIDAD DE PARAMETROS INCORRECTA
[INFO] 01:05:03:266 consola/(133719:133719): INICIANDO CONSOLA...
[INFO] 01:05:03:329 consola/(133719:133719): Cantidad de parametros: 1
[ERROR] 01:05:03:339 consola/(133719:133719): CANTIDAD DE PARAMETROS INCORRECTA
[INFO] 01:05:51:576 consola/(133828:133828): INICIANDO CONSOLA...
[INFO] 01:05:51:641 consola/(133828:133828): Cantidad de parametros: 1
[ERROR] 01:05:51:644 consola/(133828:133828): CANTIDAD DE PARAMETROS INCORRECTA
[ERROR] 01:05:51:669 consola/(133828:133828): NO SE PUEDE ABRIR EL ARCHIVO DE INSTRUCCIONES, ABORTANDO CONSOLA...
[INFO] 01:06:28:903 consola/(133926:133926): INICIANDO CONSOLA...
[INFO] 01:06:28:969 consola/(133926:133926): Cantidad de parametros: 1
[ERROR] 01:06:28:972 consola/(133926:133926): CANTIDAD DE PARAMETROS INCORRECTA
[INFO] 01:06:51:216 consola/(134004:134004): INICIANDO CONSOLA...
[INFO] 01:06:51:282 consola/(134004:134004): Cantidad de parametros: 1
[ERROR] 01:06:51:285 consola/(134004:134004): CANTIDAD DE PARAMETROS INCORRECTA
[ERROR] 01:06:51:325 consola/(134004:134004): NO SE PUEDE ABRIR EL ARCHIVO DE INSTRUCCIONES, ABORTANDO CONSOLA...
[INFO] 01:06:52:914 consola/(134027:134027): INICIANDO CONSOLA...
[INFO] 01:06:52:915 consola/(134027:134027): Cantidad de parametros: 1
[ERROR] 01:06:52:915 consola/(134027:134027): CANTIDAD DE PARAMETROS INCORRECTA
[ERROR] 01:06:52:915 consola/(134027:134027): NO SE PUEDE ABRIR EL ARCHIVO DE INSTRUCCIONES, ABORTANDO CONSOLA...
[INFO] 01:07:09:340 consola/(134147:134147): INICIANDO CONSOLA...
[INFO] 01:07:09:340 consola/(134147:134147): Cantidad de parametros: 3
[INFO] 01:07:09:340 consola/(134147:134147): CONSOLA INICIALIZADA CORRECTAMENTE
[INFO] 01:07:09:340 consola/(134147:134147): ARCHIVO DE INSTRUCCIONES ABIERTO, LEYENDO INSTRUCCIONES...
[INFO] 01:07:09:340 consola/(134147:134147): Se parsearon 0 instrucciones.
[ERROR] 01:07:09:341 consola/(134147:134147): Error al conectarse!
[INFO] 01:07:09:341 consola/(134147:134147): CONSOLA-KERNEL
[INFO] 01:07:53:535 consola/(134384:134384): INICIANDO CONSOLA...
[INFO] 01:07:53:535 consola/(134384:134384): Cantidad de parametros: 3
[INFO] 01:07:53:535 consola/(134384:134384): CONSOLA INICIALIZADA CORRECTAMENTE
[INFO] 01:07:53:536 consola/(134384:134384): ARCHIVO DE INSTRUCCIONES ABIERTO, LEYENDO INSTRUCCIONES...
[INFO] 01:08:31:022 consola/(134586:134586): INICIANDO CONSOLA...
[INFO] 01:08:31:022 consola/(134586:134586): Cantidad de parametros: 3
[INFO] 01:08:31:022 consola/(134586:134586): CONSOLA INICIALIZADA CORRECTAMENTE
[INFO] 01:08:31:022 consola/(134586:134586): ARCHIVO DE INSTRUCCIONES ABIERTO, LEYENDO INSTRUCCIONES...
[INFO] 01:11:43:204 consola/(135113:135113): INICIANDO CONSOLA...
[INFO] 01:11:43:205 consola/(135113:135113): Cantidad de parametros: 3
[INFO] 01:11:43:205 consola/(135113:135113): CONSOLA INICIALIZADA CORRECTAMENTE
[INFO] 01:11:43:205 consola/(135113:135113): ARCHIVO DE INSTRUCCIONES ABIERTO, LEYENDO INSTRUCCIONES...
[INFO] 01:14:45:638 consola/(135625:135625): INICIANDO CONSOLA...
[INFO] 01:14:45:638 consola/(135625:135625): Cantidad de parametros: 3
[INFO] 01:14:45:638 consola/(135625:135625): CONSOLA INICIALIZADA CORRECTAMENTE
[INFO] 01:14:45:638 consola/(135625:135625): ARCHIVO DE INSTRUCCIONES ABIERTO, LEYENDO INSTRUCCIONES...
[INFO] 01:14:45:638 consola/(135625:135625): 14
[INFO] 01:14:45:639 consola/(135625:135625): Se parsearon 16 instrucciones.
[ERROR] 01:14:45:639 consola/(135625:135625): Error al conectarse!
[INFO] 01:14:45:639 consola/(135625:135625): CONSOLA-KERNEL
[INFO] 01:15:27:724 consola/(135813:135813): INICIANDO CONSOLA...
[INFO] 01:15:27:724 consola/(135813:135813): Cantidad de parametros: 3
[INFO] 01:15:27:724 consola/(135813:135813): CONSOLA INICIALIZADA CORRECTAMENTE
[INFO] 01:15:27:724 consola/(135813:135813): ARCHIVO DE INSTRUCCIONES ABIERTO, LEYENDO INSTRUCCIONES...
[INFO] 01:15:27:724 consola/(135813:135813): 14
[INFO] 01:15:27:724 consola/(135813:135813): Se parsearon 16 instrucciones.
[INFO] 01:17:19:664 consola/(136074:136074): INICIANDO CONSOLA...
[INFO] 01:17:19:664 consola/(136074:136074): Cantidad de parametros: 3
[INFO] 01:17:19:664 consola/(136074:136074): CONSOLA INICIALIZADA CORRECTAMENTE
[INFO] 01:17:19:664 consola/(136074:136074): ARCHIVO DE INSTRUCCIONES ABIERTO, LEYENDO INSTRUCCIONES...
[INFO] 01:17:19:664 consola/(136074:136074): Se parsearon 16 instrucciones.
[INFO] 01:26:37:016 consola/(137461:137461): INICIANDO CONSOLA...
[INFO] 01:26:37:016 consola/(137461:137461): Cantidad de parametros: 3
[INFO] 01:26:37:016 consola/(137461:137461): CONSOLA INICIALIZADA CORRECTAMENTE
[INFO] 01:26:37:016 consola/(137461:137461): ARCHIVO DE INSTRUCCIONES ABIERTO, LEYENDO INSTRUCCIONES...
[INFO] 01:26:37:016 consola/(137461:137461): 1431670904
[INFO] 01:26:37:016 consola/(137461:137461): Se parsearon 16 instrucciones.
[INFO] 01:26:53:697 consola/(137550:137550): INICIANDO CONSOLA...
[INFO] 01:26:53:697 consola/(137550:137550): Cantidad de parametros: 3
[INFO] 01:26:53:697 consola/(137550:137550): CONSOLA INICIALIZADA CORRECTAMENTE
[INFO] 01:26:53:698 consola/(137550:137550): ARCHIVO DE INSTRUCCIONES ABIERTO, LEYENDO INSTRUCCIONES...
[INFO] 01:26:53:698 consola/(137550:137550): EXIT
[INFO] 01:26:53:700 consola/(137550:137550): Se parsearon 16 instrucciones.
[INFO] 01:30:17:028 consola/(138063:138063): INICIANDO CONSOLA...
[INFO] 01:30:17:029 consola/(138063:138063): Cantidad de parametros: 3
[INFO] 01:30:17:029 consola/(138063:138063): CONSOLA INICIALIZADA CORRECTAMENTE
[INFO] 01:30:17:029 consola/(138063:138063): ARCHIVO DE INSTRUCCIONES ABIERTO, LEYENDO INSTRUCCIONES...
[INFO] 01:31:28:752 consola/(138457:138457): INICIANDO CONSOLA...
[INFO] 01:31:28:752 consola/(138457:138457): Cantidad de parametros: 3
[INFO] 01:31:28:752 consola/(138457:138457): CONSOLA INICIALIZADA CORRECTAMENTE
[INFO] 01:31:28:752 consola/(138457:138457): ARCHIVO DE INSTRUCCIONES ABIERTO, LEYENDO INSTRUCCIONES...
[INFO] 01:31:28:752 consola/(138457:138457): SET AX -1
[INFO] 01:31:28:752 consola/(138457:138457): EXIT
[INFO] 01:31:28:752 consola/(138457:138457): Se parsearon 16 instrucciones.
[INFO] 01:32:31:520 consola/(138701:138701): INICIANDO CONSOLA...
[INFO] 01:32:31:521 consola/(138701:138701): Cantidad de parametros: 3
[INFO] 01:32:31:521 consola/(138701:138701): CONSOLA INICIALIZADA CORRECTAMENTE
[INFO] 01:32:31:521 consola/(138701:138701): ARCHIVO DE INSTRUCCIONES ABIERTO, LEYENDO INSTRUCCIONES...
[INFO] 01:32:31:521 consola/(138701:138701): SET AX 
[INFO] 01:32:31:521 consola/(138701:138701): EXIT
[INFO] 01:32:31:521 consola/(138701:138701): Se parsearon 16 instrucciones.
[INFO] 01:32:55:884 consola/(138834:138834): INICIANDO CONSOLA...
[INFO] 01:32:55:884 consola/(138834:138834): Cantidad de parametros: 3
[INFO] 01:32:55:884 consola/(138834:138834): CONSOLA INICIALIZADA CORRECTAMENTE
[INFO] 01:32:55:884 consola/(138834:138834): ARCHIVO DE INSTRUCCIONES ABIERTO, LEYENDO INSTRUCCIONES...
[INFO] 01:32:55:884 consola/(138834:138834): SET AX AX
[INFO] 01:32:55:884 consola/(138834:138834): EXIT
[INFO] 01:32:55:884 consola/(138834:138834): Se parsearon 16 instrucciones.
[INFO] 01:33:14:214 consola/(138943:138943): INICIANDO CONSOLA...
[INFO] 01:33:14:214 consola/(138943:138943): Cantidad de parametros: 3
[INFO] 01:33:14:214 consola/(138943:138943): CONSOLA INICIALIZADA CORRECTAMENTE
[INFO] 01:33:14:214 consola/(138943:138943): ARCHIVO DE INSTRUCCIONES ABIERTO, LEYENDO INSTRUCCIONES...
[INFO] 01:33:14:214 consola/(138943:138943): SET AX HOLA

[INFO] 01:33:14:214 consola/(138943:138943): EXIT
[INFO] 01:33:14:214 consola/(138943:138943): Se parsearon 16 instrucciones.
[INFO] 01:35:29:998 consola/(139355:139355): INICIANDO CONSOLA...
[INFO] 01:35:29:998 consola/(139355:139355): Cantidad de parametros: 3
[INFO] 01:35:29:998 consola/(139355:139355): CONSOLA INICIALIZADA CORRECTAMENTE
[INFO] 01:35:29:998 consola/(139355:139355): ARCHIVO DE INSTRUCCIONES ABIERTO, LEYENDO INSTRUCCIONES...
[INFO] 01:35:29:998 consola/(139355:139355): SET AX HOLA

[INFO] 01:35:29:999 consola/(139355:139355): MOV_IN BX 0
[INFO] 01:35:29:999 consola/(139355:139355): EXIT
[INFO] 01:35:29:999 consola/(139355:139355): Se parsearon 16 instrucciones.
[INFO] 01:38:01:521 consola/(139773:139773): INICIANDO CONSOLA...
[INFO] 01:38:01:521 consola/(139773:139773): Cantidad de parametros: 3
[INFO] 01:38:01:521 consola/(139773:139773): CONSOLA INICIALIZADA CORRECTAMENTE
[INFO] 01:38:01:521 consola/(139773:139773): ARCHIVO DE INSTRUCCIONES ABIERTO, LEYENDO INSTRUCCIONES...
[INFO] 01:38:01:521 consola/(139773:139773): SET AX HOLA

[INFO] 01:38:01:521 consola/(139773:139773): MOV_IN BX 0
[INFO] 01:38:01:521 consola/(139773:139773): EXIT
[INFO] 01:38:01:521 consola/(139773:139773): Se parsearon 16 instrucciones.
[INFO] 01:38:42:837 consola/(139922:139922): INICIANDO CONSOLA...
[INFO] 01:38:42:837 consola/(139922:139922): Cantidad de parametros: 3
[INFO] 01:38:42:837 consola/(139922:139922): CONSOLA INICIALIZADA CORRECTAMENTE
[INFO] 01:38:42:837 consola/(139922:139922): ARCHIVO DE INSTRUCCIONES ABIERTO, LEYENDO INSTRUCCIONES...
[INFO] 01:38:42:837 consola/(139922:139922): SET AX HOLA

[INFO] 01:38:42:837 consola/(139922:139922): MOV_IN BX 0
[INFO] 01:38:42:837 consola/(139922:139922): EXIT
[INFO] 01:38:42:837 consola/(139922:139922): Se parsearon 16 instrucciones.
[INFO] 01:39:45:949 consola/(140116:140116): INICIANDO CONSOLA...
[INFO] 01:39:45:950 consola/(140116:140116): Cantidad de parametros: 3
[INFO] 01:39:45:950 consola/(140116:140116): CONSOLA INICIALIZADA CORRECTAMENTE
[INFO] 01:39:45:950 consola/(140116:140116): ARCHIVO DE INSTRUCCIONES ABIERTO, LEYENDO INSTRUCCIONES...
[INFO] 01:39:45:950 consola/(140116:140116): SET AX HOLA

[INFO] 01:39:45:950 consola/(140116:140116): MOV_IN BX 120
[INFO] 01:39:45:950 consola/(140116:140116): EXIT
[INFO] 01:39:45:950 consola/(140116:140116): Se parsearon 16 instrucciones.
[INFO] 01:40:01:062 consola/(140212:140212): INICIANDO CONSOLA...
[INFO] 01:40:01:062 consola/(140212:140212): Cantidad de parametros: 3
[INFO] 01:40:01:062 consola/(140212:140212): CONSOLA INICIALIZADA CORRECTAMENTE
[INFO] 01:40:01:062 consola/(140212:140212): ARCHIVO DE INSTRUCCIONES ABIERTO, LEYENDO INSTRUCCIONES...
[INFO] 01:40:01:062 consola/(140212:140212): SET AX HOLA

[INFO] 01:40:01:062 consola/(140212:140212): MOV_IN BX 120
[INFO] 01:40:01:062 consola/(140212:140212): EXIT
[INFO] 01:40:01:062 consola/(140212:140212): Se parsearon 16 instrucciones.
[INFO] 01:40:41:829 consola/(140386:140386): INICIANDO CONSOLA...
[INFO] 01:40:41:830 consola/(140386:140386): Cantidad de parametros: 3
[INFO] 01:40:41:830 consola/(140386:140386): CONSOLA INICIALIZADA CORRECTAMENTE
[INFO] 01:40:41:830 consola/(140386:140386): ARCHIVO DE INSTRUCCIONES ABIERTO, LEYENDO INSTRUCCIONES...
[INFO] 01:40:41:830 consola/(140386:140386): SET AX HOLA

[INFO] 01:40:41:830 consola/(140386:140386): 1431670818 120 1431670915
[INFO] 01:40:41:830 consola/(140386:140386): MOV_IN BX 120
[INFO] 01:40:41:830 consola/(140386:140386): EXIT
[INFO] 01:40:41:830 consola/(140386:140386): Se parsearon 16 instrucciones.
[INFO] 01:40:50:666 consola/(140510:140510): INICIANDO CONSOLA...
[INFO] 01:40:50:666 consola/(140510:140510): Cantidad de parametros: 3
[INFO] 01:40:50:667 consola/(140510:140510): CONSOLA INICIALIZADA CORRECTAMENTE
[INFO] 01:40:50:667 consola/(140510:140510): ARCHIVO DE INSTRUCCIONES ABIERTO, LEYENDO INSTRUCCIONES...
[INFO] 01:40:50:667 consola/(140510:140510): SET AX HOLA

[INFO] 01:40:50:667 consola/(140510:140510): MOV_OUT 120 AX
[INFO] 01:40:50:667 consola/(140510:140510): MOV_IN BX 120
[INFO] 01:40:50:667 consola/(140510:140510): EXIT
[INFO] 01:40:50:667 consola/(140510:140510): Se parsearon 16 instrucciones.
[INFO] 01:41:35:577 consola/(140699:140699): INICIANDO CONSOLA...
[INFO] 01:41:35:577 consola/(140699:140699): Cantidad de parametros: 3
[INFO] 01:41:35:577 consola/(140699:140699): CONSOLA INICIALIZADA CORRECTAMENTE
[INFO] 01:41:35:577 consola/(140699:140699): ARCHIVO DE INSTRUCCIONES ABIERTO, LEYENDO INSTRUCCIONES...
[INFO] 01:41:35:577 consola/(140699:140699): SET AX HOLA

[INFO] 01:41:35:577 consola/(140699:140699): MOV_OUT 120 AX
[INFO] 01:41:35:577 consola/(140699:140699): WAIT (null)
[INFO] 01:41:35:577 consola/(140699:140699): SIGNAL (null)
[INFO] 01:41:35:577 consola/(140699:140699): MOV_IN BX 120
[INFO] 01:41:35:577 consola/(140699:140699): EXIT
[INFO] 01:41:35:577 consola/(140699:140699): Se parsearon 16 instrucciones.
[INFO] 01:41:51:184 consola/(140821:140821): INICIANDO CONSOLA...
[INFO] 01:41:51:184 consola/(140821:140821): Cantidad de parametros: 3
[INFO] 01:41:51:184 consola/(140821:140821): CONSOLA INICIALIZADA CORRECTAMENTE
[INFO] 01:41:51:184 consola/(140821:140821): ARCHIVO DE INSTRUCCIONES ABIERTO, LEYENDO INSTRUCCIONES...
[INFO] 01:41:51:184 consola/(140821:140821): SET AX HOLA

[INFO] 01:41:51:184 consola/(140821:140821): MOV_OUT 120 AX
[INFO] 01:41:51:184 consola/(140821:140821): WAIT (null)
[INFO] 01:41:51:184 consola/(140821:140821): SIGNAL (null)
[INFO] 01:41:51:184 consola/(140821:140821): MOV_IN BX 120
[INFO] 01:41:51:184 consola/(140821:140821): EXIT
[INFO] 01:41:51:184 consola/(140821:140821): Se parsearon 16 instrucciones.
[INFO] 01:43:47:642 consola/(141110:141110): INICIANDO CONSOLA...
[INFO] 01:43:47:642 consola/(141110:141110): Cantidad de parametros: 3
[INFO] 01:43:47:642 consola/(141110:141110): CONSOLA INICIALIZADA CORRECTAMENTE
[INFO] 01:43:47:643 consola/(141110:141110): ARCHIVO DE INSTRUCCIONES ABIERTO, LEYENDO INSTRUCCIONES...
[INFO] 01:43:47:643 consola/(141110:141110): SET AX HOLA

[INFO] 01:43:47:643 consola/(141110:141110): MOV_OUT 120 AX
[INFO] 01:44:33:407 consola/(141328:141328): INICIANDO CONSOLA...
[INFO] 01:44:33:407 consola/(141328:141328): Cantidad de parametros: 3
[INFO] 01:44:33:407 consola/(141328:141328): CONSOLA INICIALIZADA CORRECTAMENTE
[INFO] 01:44:33:407 consola/(141328:141328): ARCHIVO DE INSTRUCCIONES ABIERTO, LEYENDO INSTRUCCIONES...
[INFO] 01:44:33:408 consola/(141328:141328): SET AX HOLA

[INFO] 01:44:33:408 consola/(141328:141328): MOV_OUT 120 AX
[INFO] 01:44:33:408 consola/(141328:141328): WAIT (null)
[INFO] 01:44:33:408 consola/(141328:141328): SIGNAL (null)
[INFO] 01:44:33:408 consola/(141328:141328): MOV_IN BX 120
[INFO] 01:44:33:408 consola/(141328:141328): EXIT
[INFO] 01:44:33:408 consola/(141328:141328): Se parsearon 16 instrucciones.
[INFO] 01:45:24:784 consola/(141512:141512): INICIANDO CONSOLA...
[INFO] 01:45:24:784 consola/(141512:141512): Cantidad de parametros: 3
[INFO] 01:45:24:784 consola/(141512:141512): CONSOLA INICIALIZADA CORRECTAMENTE
[INFO] 01:45:24:784 consola/(141512:141512): ARCHIVO DE INSTRUCCIONES ABIERTO, LEYENDO INSTRUCCIONES...
[INFO] 01:45:24:784 consola/(141512:141512): SET AX HOLA

[INFO] 01:45:24:784 consola/(141512:141512): MOV_OUT 120 AX
[INFO] 01:46:03:527 consola/(141732:141732): INICIANDO CONSOLA...
[INFO] 01:46:03:527 consola/(141732:141732): Cantidad de parametros: 3
[INFO] 01:46:03:528 consola/(141732:141732): CONSOLA INICIALIZADA CORRECTAMENTE
[INFO] 01:46:03:528 consola/(141732:141732): ARCHIVO DE INSTRUCCIONES ABIERTO, LEYENDO INSTRUCCIONES...
[INFO] 01:46:03:528 consola/(141732:141732): SET AX HOLA

[INFO] 01:46:03:528 consola/(141732:141732): MOV_OUT 120 AX
[INFO] 01:46:03:528 consola/(141732:141732): WAIT (null)
[INFO] 01:46:03:528 consola/(141732:141732): SIGNAL (null)
[INFO] 01:46:03:528 consola/(141732:141732): MOV_IN BX 120
[INFO] 01:46:03:528 consola/(141732:141732): EXIT
[INFO] 01:46:03:528 consola/(141732:141732): Se parsearon 16 instrucciones.
[INFO] 01:50:47:239 consola/(142423:142423): INICIANDO CONSOLA...
[INFO] 01:50:47:239 consola/(142423:142423): Cantidad de parametros: 3
[INFO] 01:50:47:239 consola/(142423:142423): CONSOLA INICIALIZADA CORRECTAMENTE
[INFO] 01:50:47:239 consola/(142423:142423): ARCHIVO DE INSTRUCCIONES ABIERTO, LEYENDO INSTRUCCIONES...
[INFO] 01:50:47:239 consola/(142423:142423): SET AX HOLA

[INFO] 01:50:47:239 consola/(142423:142423): MOV_OUT 120 AX
[INFO] 01:50:47:239 consola/(142423:142423): WAIT (null)
[INFO] 01:50:47:239 consola/(142423:142423): IO 10
[INFO] 01:54:29:943 consola/(142942:142942): INICIANDO CONSOLA...
[INFO] 01:54:29:943 consola/(142942:142942): Cantidad de parametros: 3
[INFO] 01:54:29:943 consola/(142942:142942): CONSOLA INICIALIZADA CORRECTAMENTE
[INFO] 01:54:29:943 consola/(142942:142942): ARCHIVO DE INSTRUCCIONES ABIERTO, LEYENDO INSTRUCCIONES...
[INFO] 01:54:29:943 consola/(142942:142942): SET AX HOLA

[INFO] 01:54:29:943 consola/(142942:142942): MOV_OUT 120 AX
[INFO] 01:54:29:943 consola/(142942:142942): WAIT (null)
[INFO] 01:54:29:943 consola/(142942:142942): IO 10
[INFO] 01:56:49:291 consola/(143278:143278): INICIANDO CONSOLA...
[INFO] 01:56:49:291 consola/(143278:143278): Cantidad de parametros: 1
[ERROR] 01:56:49:291 consola/(143278:143278): CANTIDAD DE PARAMETROS INCORRECTA
[ERROR] 01:56:49:291 consola/(143278:143278): NO SE PUEDE ABRIR EL ARCHIVO DE INSTRUCCIONES, ABORTANDO CONSOLA...
[INFO] 01:57:15:891 consola/(143377:143377): INICIANDO CONSOLA...
[INFO] 01:57:15:891 consola/(143377:143377): Cantidad de parametros: 3
[INFO] 01:57:15:891 consola/(143377:143377): CONSOLA INICIALIZADA CORRECTAMENTE
[INFO] 01:57:15:892 consola/(143377:143377): ARCHIVO DE INSTRUCCIONES ABIERTO, LEYENDO INSTRUCCIONES...
[INFO] 01:57:15:892 consola/(143377:143377): SET AX HOLA

[INFO] 01:57:15:892 consola/(143377:143377): MOV_OUT 120 AX
[INFO] 01:57:15:892 consola/(143377:143377): WAIT (null)
[INFO] 01:57:15:892 consola/(143377:143377): IO 10
[INFO] 01:57:18:729 consola/(143405:143405): INICIANDO CONSOLA...
[INFO] 01:57:18:729 consola/(143405:143405): Cantidad de parametros: 3
[INFO] 01:57:18:729 consola/(143405:143405): CONSOLA INICIALIZADA CORRECTAMENTE
[INFO] 01:57:18:729 consola/(143405:143405): ARCHIVO DE INSTRUCCIONES ABIERTO, LEYENDO INSTRUCCIONES...
[INFO] 01:57:18:729 consola/(143405:143405): SET AX HOLA

[INFO] 01:57:18:729 consola/(143405:143405): MOV_OUT 120 AX
[INFO] 01:57:18:729 consola/(143405:143405): WAIT (null)
[INFO] 01:57:18:729 consola/(143405:143405): IO 10
[INFO] 01:57:22:442 consola/(143420:143420): INICIANDO CONSOLA...
[INFO] 01:57:22:509 consola/(143420:143420): Cantidad de parametros: 1
[ERROR] 01:57:22:512 consola/(143420:143420): CANTIDAD DE PARAMETROS INCORRECTA
[ERROR] 01:57:22:536 consola/(143420:143420): NO SE PUEDE ABRIR EL ARCHIVO DE INSTRUCCIONES, ABORTANDO CONSOLA...
[INFO] 02:05:09:192 consola/(144414:144414): INICIANDO CONSOLA...
[INFO] 02:05:09:192 consola/(144414:144414): Cantidad de parametros: 3
[INFO] 02:05:09:192 consola/(144414:144414): CONSOLA INICIALIZADA CORRECTAMENTE
[INFO] 02:05:09:192 consola/(144414:144414): ARCHIVO DE INSTRUCCIONES ABIERTO, LEYENDO INSTRUCCIONES...
[INFO] 02:05:09:192 consola/(144414:144414): SET AX HOLA

[INFO] 02:05:09:192 consola/(144414:144414): MOV_OUT 120 AX
[INFO] 02:05:09:193 consola/(144414:144414): WAIT (null)
[INFO] 02:05:09:193 consola/(144414:144414): IO 10
[INFO] 02:08:38:129 consola/(144913:144913): INICIANDO CONSOLA...
[INFO] 02:08:38:129 consola/(144913:144913): Cantidad de parametros: 3
[INFO] 02:08:38:129 consola/(144913:144913): CONSOLA INICIALIZADA CORRECTAMENTE
[INFO] 02:08:38:129 consola/(144913:144913): ARCHIVO DE INSTRUCCIONES ABIERTO, LEYENDO INSTRUCCIONES...
[INFO] 02:08:38:130 consola/(144913:144913): SET AX HOLA

[INFO] 02:08:38:130 consola/(144913:144913): MOV_OUT 120 AX
[INFO] 02:08:38:130 consola/(144913:144913): WAIT (null)
[INFO] 02:08:38:130 consola/(144913:144913): IO 10
[INFO] 02:08:38:130 consola/(144913:144913): SIGNAL DISCO

[INFO] 02:08:38:130 consola/(144913:144913): MOV_IN BX 120
[INFO] 17:36:53:381 consola/(152347:152347): INICIANDO CONSOLA...
[INFO] 17:36:53:381 consola/(152347:152347): Cantidad de parametros: 1
[ERROR] 17:36:53:382 consola/(152347:152347): CANTIDAD DE PARAMETROS INCORRECTA
[ERROR] 17:36:53:383 consola/(152347:152347): Error al conectarse!
[INFO] 17:37:16:102 consola/(152500:152500): INICIANDO CONSOLA...
[INFO] 17:37:16:103 consola/(152500:152500): Cantidad de parametros: 1
[ERROR] 17:37:16:103 consola/(152500:152500): CANTIDAD DE PARAMETROS INCORRECTA
[INFO] 17:39:56:124 consola/(152932:152932): INICIANDO CONSOLA...
[INFO] 17:39:56:124 consola/(152932:152932): Cantidad de parametros: 1
[ERROR] 17:39:56:124 consola/(152932:152932): CANTIDAD DE PARAMETROS INCORRECTA
[ERROR] 17:39:56:124 consola/(152932:152932): NO SE PUEDE ABRIR EL ARCHIVO DE INSTRUCCIONES, ABORTANDO CONSOLA...
[INFO] 17:40:08:635 consola/(153051:153051): INICIANDO CONSOLA...
[INFO] 17:40:08:636 consola/(153051:153051): Cantidad de parametros: 3
[INFO] 17:40:08:636 consola/(153051:153051): CONSOLA INICIALIZADA CORRECTAMENTE
[INFO] 17:40:08:636 consola/(153051:153051): ARCHIVO DE INSTRUCCIONES ABIERTO, LEYENDO INSTRUCCIONES...
[INFO] 17:40:08:636 consola/(153051:153051): SET AX HOLA

[INFO] 17:40:08:636 consola/(153051:153051): MOV_OUT 120 AX
[INFO] 17:40:08:636 consola/(153051:153051): WAIT (null)
[INFO] 17:40:08:636 consola/(153051:153051): IO 10
[INFO] 17:40:08:636 consola/(153051:153051): SIGNAL DISCO

[INFO] 17:40:08:636 consola/(153051:153051): MOV_IN BX 120
[INFO] 17:41:07:293 consola/(153349:153349): INICIANDO CONSOLA...
[INFO] 17:41:07:293 consola/(153349:153349): Cantidad de parametros: 3
[INFO] 17:41:07:293 consola/(153349:153349): CONSOLA INICIALIZADA CORRECTAMENTE
[INFO] 17:41:07:293 consola/(153349:153349): ARCHIVO DE INSTRUCCIONES ABIERTO, LEYENDO INSTRUCCIONES...
[INFO] 17:41:07:293 consola/(153349:153349): MOV_OUT 120 AX
[INFO] 17:41:07:293 consola/(153349:153349): WAIT (null)
[INFO] 17:41:07:293 consola/(153349:153349): IO 10
[INFO] 17:41:07:293 consola/(153349:153349): SIGNAL DISCO

[INFO] 17:41:07:293 consola/(153349:153349): MOV_IN BX 120
[INFO] 17:43:49:018 consola/(153686:153686): INICIANDO CONSOLA...
[INFO] 17:43:49:018 consola/(153686:153686): Cantidad de parametros: 3
[INFO] 17:43:49:018 consola/(153686:153686): CONSOLA INICIALIZADA CORRECTAMENTE
[INFO] 17:43:49:018 consola/(153686:153686): ARCHIVO DE INSTRUCCIONES ABIERTO, LEYENDO INSTRUCCIONES...
[INFO] 17:43:49:018 consola/(153686:153686): SET AX HOLA

[INFO] 17:43:49:019 consola/(153686:153686): MOV_OUT 120 AX
[INFO] 17:43:49:019 consola/(153686:153686): WAIT (null)
[INFO] 17:43:49:019 consola/(153686:153686): IO 10
[INFO] 17:43:49:020 consola/(153686:153686): SIGNAL DISCO

[INFO] 17:43:49:020 consola/(153686:153686): MOV_IN BX 120
[INFO] 17:44:39:035 consola/(153863:153863): INICIANDO CONSOLA...
[INFO] 17:44:39:035 consola/(153863:153863): Cantidad de parametros: 1
[ERROR] 17:44:39:035 consola/(153863:153863): CANTIDAD DE PARAMETROS INCORRECTA
[ERROR] 17:44:39:035 consola/(153863:153863): NO SE PUEDE ABRIR EL ARCHIVO DE INSTRUCCIONES, ABORTANDO CONSOLA...
[INFO] 17:46:53:502 consola/(155022:155022): INICIANDO CONSOLA...
[INFO] 17:46:53:502 consola/(155022:155022): Cantidad de parametros: 3
[INFO] 17:46:53:502 consola/(155022:155022): CONSOLA INICIALIZADA CORRECTAMENTE
[INFO] 17:46:53:502 consola/(155022:155022): ARCHIVO DE INSTRUCCIONES ABIERTO, LEYENDO INSTRUCCIONES...
[INFO] 17:46:53:502 consola/(155022:155022): SET AX HOLA

[INFO] 17:46:53:502 consola/(155022:155022): MOV_OUT 120 AX
[INFO] 17:46:53:502 consola/(155022:155022): WAIT (null)
[INFO] 17:46:53:503 consola/(155022:155022): IO 10
[INFO] 17:46:53:503 consola/(155022:155022): SIGNAL DISCO

[INFO] 17:46:53:503 consola/(155022:155022): MOV_IN BX 120
[INFO] 22:14:58:953 consola/(159156:159156): INICIANDO CONSOLA...
[INFO] 22:14:58:953 consola/(159156:159156): Cantidad de parametros: 3
[INFO] 22:14:58:953 consola/(159156:159156): CONSOLA INICIALIZADA CORRECTAMENTE
[INFO] 22:14:58:953 consola/(159156:159156): ARCHIVO DE INSTRUCCIONES ABIERTO, LEYENDO INSTRUCCIONES...
[INFO] 22:14:58:953 consola/(159156:159156): SET AX HOLA

[INFO] 22:14:58:953 consola/(159156:159156): MOV_OUT 120 AX
[INFO] 22:14:58:953 consola/(159156:159156): WAIT (null)
[INFO] 22:14:58:953 consola/(159156:159156): IO 10
[INFO] 22:16:12:646 consola/(159480:159480): INICIANDO CONSOLA...
[INFO] 22:16:12:647 consola/(159480:159480): Cantidad de parametros: 3
[INFO] 22:16:12:647 consola/(159480:159480): CONSOLA INICIALIZADA CORRECTAMENTE
[INFO] 22:16:12:647 consola/(159480:159480): ARCHIVO DE INSTRUCCIONES ABIERTO, LEYENDO INSTRUCCIONES...
[INFO] 22:16:12:647 consola/(159480:159480): SET AX HOLA

[INFO] 22:16:12:647 consola/(159480:159480): MOV_OUT 120 AX
[INFO] 22:16:12:648 consola/(159480:159480): WAIT (null)
[INFO] 22:16:12:648 consola/(159480:159480): IO 10
[INFO] 22:16:12:648 consola/(159480:159480): MOV_IN BX 120
[INFO] 22:20:56:258 consola/(160094:160094): INICIANDO CONSOLA...
[INFO] 22:20:56:258 consola/(160094:160094): Cantidad de parametros: 3
[INFO] 22:20:56:258 consola/(160094:160094): CONSOLA INICIALIZADA CORRECTAMENTE
[INFO] 22:20:56:258 consola/(160094:160094): ARCHIVO DE INSTRUCCIONES ABIERTO, LEYENDO INSTRUCCIONES...
[INFO] 22:20:56:258 consola/(160094:160094): SET AX HOLA

[INFO] 22:20:56:258 consola/(160094:160094): MOV_OUT 120 AX
[INFO] 22:20:56:258 consola/(160094:160094): WAIT DISCO

[INFO] 22:20:56:258 consola/(160094:160094): IO 10
[INFO] 22:20:56:258 consola/(160094:160094): SIGNAL DISCO

[INFO] 22:20:56:258 consola/(160094:160094): MOV_IN BX 120
[INFO] 22:20:56:258 consola/(160094:160094): F_OPEN ARCHIVO

[INFO] 22:20:56:258 consola/(160094:160094): F_READ 0 0
[INFO] 22:20:56:258 consola/(160094:160094): F_TRUNCATE ARCHIVO 64
[INFO] 22:20:56:258 consola/(160094:160094): F_SEEK ARCHIVO 10
[INFO] 22:20:56:258 consola/(160094:160094): CREATE_SEGMENT 1 128
[INFO] 22:20:56:258 consola/(160094:160094): F_WRITE 4 4
[INFO] 22:20:56:258 consola/(160094:160094): F_READ -1 -1
[INFO] 22:20:56:258 consola/(160094:160094): DELETE_SEGMENT 1
[INFO] 22:20:56:258 consola/(160094:160094): F_CLOSE ARCHIVO

[INFO] 22:20:56:258 consola/(160094:160094): EXIT
[INFO] 22:20:56:258 consola/(160094:160094): Se parsearon 16 instrucciones.
[INFO] 22:22:45:114 consola/(160350:160350): INICIANDO CONSOLA...
[INFO] 22:22:45:114 consola/(160350:160350): Cantidad de parametros: 3
[INFO] 22:22:45:114 consola/(160350:160350): CONSOLA INICIALIZADA CORRECTAMENTE
[INFO] 22:22:45:114 consola/(160350:160350): ARCHIVO DE INSTRUCCIONES ABIERTO, LEYENDO INSTRUCCIONES...
[INFO] 22:22:45:114 consola/(160350:160350): SET AX HOLA

[INFO] 22:22:45:114 consola/(160350:160350): MOV_OUT 120 AX
[INFO] 22:22:45:114 consola/(160350:160350): WAIT DISCO

[INFO] 22:22:45:114 consola/(160350:160350): IO 10
[INFO] 22:22:45:114 consola/(160350:160350): SIGNAL DISCO

[INFO] 22:22:45:114 consola/(160350:160350): MOV_IN BX 120
[INFO] 22:22:45:114 consola/(160350:160350): F_OPEN ARCHIVO

[INFO] 22:22:45:114 consola/(160350:160350): F_READ 0 0
[INFO] 22:22:45:114 consola/(160350:160350): F_TRUNCATE ARCHIVO 64
[INFO] 22:22:45:115 consola/(160350:160350): F_SEEK ARCHIVO 10
[INFO] 22:22:45:115 consola/(160350:160350): CREATE_SEGMENT 1 128
[INFO] 22:22:45:115 consola/(160350:160350): F_WRITE 4 4
[INFO] 22:22:45:115 consola/(160350:160350): F_READ -1 -1
[INFO] 22:22:45:115 consola/(160350:160350): DELETE_SEGMENT 1
[INFO] 22:22:45:115 consola/(160350:160350): F_CLOSE ARCHIVO

[INFO] 22:22:45:115 consola/(160350:160350): EXIT
[INFO] 22:22:45:115 consola/(160350:160350): Se parsearon 16 instrucciones.
[INFO] 22:23:41:779 consola/(160497:160497): INICIANDO CONSOLA...
[INFO] 22:23:41:779 consola/(160497:160497): Cantidad de parametros: 3
[INFO] 22:23:41:779 consola/(160497:160497): CONSOLA INICIALIZADA CORRECTAMENTE
[INFO] 22:23:41:779 consola/(160497:160497): ARCHIVO DE INSTRUCCIONES ABIERTO, LEYENDO INSTRUCCIONES...
[INFO] 22:23:41:779 consola/(160497:160497): SET AX HOLA

[INFO] 22:23:41:779 consola/(160497:160497): MOV_OUT 120 AX
[INFO] 22:23:41:779 consola/(160497:160497): WAIT DISCO

[INFO] 22:23:41:779 consola/(160497:160497): IO 10
[INFO] 22:23:41:780 consola/(160497:160497): SIGNAL DISCO

[INFO] 22:23:41:780 consola/(160497:160497): MOV_IN BX 120
[INFO] 22:23:41:780 consola/(160497:160497): F_OPEN ARCHIVO

[INFO] 22:23:41:780 consola/(160497:160497): F_READ 0 0
[INFO] 22:23:41:780 consola/(160497:160497): F_TRUNCATE ARCHIVO 64
[INFO] 22:23:41:780 consola/(160497:160497): F_SEEK ARCHIVO 10
[INFO] 22:23:41:780 consola/(160497:160497): CREATE_SEGMENT 1 128
[INFO] 22:23:41:780 consola/(160497:160497): F_WRITE 4 4
[INFO] 22:23:41:780 consola/(160497:160497): F_READ -1 -1
[INFO] 22:23:41:780 consola/(160497:160497): DELETE_SEGMENT 1
[INFO] 22:23:41:780 consola/(160497:160497): F_CLOSE ARCHIVO

[INFO] 22:23:41:780 consola/(160497:160497): EXIT
[INFO] 22:23:41:780 consola/(160497:160497): Se parsearon 16 instrucciones.
[INFO] 22:25:39:981 consola/(160861:160861): INICIANDO CONSOLA...
[INFO] 22:25:39:981 consola/(160861:160861): Cantidad de parametros: 3
[INFO] 22:25:39:981 consola/(160861:160861): CONSOLA INICIALIZADA CORRECTAMENTE
[INFO] 22:25:39:981 consola/(160861:160861): ARCHIVO DE INSTRUCCIONES ABIERTO, LEYENDO INSTRUCCIONES...
[INFO] 22:25:39:981 consola/(160861:160861): SET AX HOLA

[INFO] 22:25:39:981 consola/(160861:160861): MOV_OUT 120 AX
[INFO] 22:25:39:981 consola/(160861:160861): WAIT DISCO

[INFO] 22:25:39:981 consola/(160861:160861): IO 10
[INFO] 22:25:39:981 consola/(160861:160861): SIGNAL DISCO

[INFO] 22:25:39:981 consola/(160861:160861): MOV_IN BX 120
[INFO] 22:25:39:981 consola/(160861:160861): F_OPEN ARCHIVO

[INFO] 22:25:39:981 consola/(160861:160861): F_READ 0 0
[INFO] 22:25:39:981 consola/(160861:160861): F_TRUNCATE ARCHIVO 64
[INFO] 22:25:39:981 consola/(160861:160861): F_SEEK ARCHIVO 10
[INFO] 22:25:39:981 consola/(160861:160861): CREATE_SEGMENT 1 128
[INFO] 22:25:39:981 consola/(160861:160861): F_WRITE 4 4
[INFO] 22:25:39:981 consola/(160861:160861): F_READ -1 -1
[INFO] 22:25:39:981 consola/(160861:160861): DELETE_SEGMENT 1
[INFO] 22:25:39:981 consola/(160861:160861): F_CLOSE ARCHIVO

[INFO] 22:25:39:981 consola/(160861:160861): EXIT
[INFO] 22:25:39:981 consola/(160861:160861): Se parsearon 16 instrucciones.
[INFO] 22:26:43:490 consola/(161077:161077): INICIANDO CONSOLA...
[INFO] 22:26:43:490 consola/(161077:161077): Cantidad de parametros: 3
[INFO] 22:26:43:490 consola/(161077:161077): CONSOLA INICIALIZADA CORRECTAMENTE
[INFO] 22:26:43:490 consola/(161077:161077): ARCHIVO DE INSTRUCCIONES ABIERTO, LEYENDO INSTRUCCIONES...
[INFO] 22:26:43:490 consola/(161077:161077): SET AX HOLA

[INFO] 22:26:43:490 consola/(161077:161077): MOV_OUT 120 AX
[INFO] 22:26:43:490 consola/(161077:161077): WAIT DISCO

[INFO] 22:26:43:490 consola/(161077:161077): IO 10
[INFO] 22:26:43:490 consola/(161077:161077): SIGNAL DISCO

[INFO] 22:26:43:490 consola/(161077:161077): MOV_IN BX 120
[INFO] 22:26:43:490 consola/(161077:161077): F_OPEN ARCHIVO

[INFO] 22:26:43:490 consola/(161077:161077): F_READ 0 0
[INFO] 22:26:43:490 consola/(161077:161077): F_TRUNCATE ARCHIVO 64
[INFO] 22:26:43:490 consola/(161077:161077): F_SEEK ARCHIVO 10
[INFO] 22:26:43:490 consola/(161077:161077): CREATE_SEGMENT 1 128
[INFO] 22:26:43:490 consola/(161077:161077): F_WRITE 4 4
[INFO] 22:26:43:490 consola/(161077:161077): F_READ -1 -1
[INFO] 22:26:43:490 consola/(161077:161077): DELETE_SEGMENT 1
[INFO] 22:26:43:490 consola/(161077:161077): F_CLOSE ARCHIVO

[INFO] 22:26:43:490 consola/(161077:161077): YIELD
[INFO] 22:26:43:490 consola/(161077:161077): Se parsearon 16 instrucciones.
[INFO] 22:28:00:281 consola/(161331:161331): INICIANDO CONSOLA...
[INFO] 22:28:00:282 consola/(161331:161331): Cantidad de parametros: 3
[INFO] 22:28:00:282 consola/(161331:161331): CONSOLA INICIALIZADA CORRECTAMENTE
[INFO] 22:28:00:282 consola/(161331:161331): ARCHIVO DE INSTRUCCIONES ABIERTO, LEYENDO INSTRUCCIONES...
[INFO] 22:28:00:282 consola/(161331:161331): SET AX HOLA

[INFO] 22:28:00:282 consola/(161331:161331): MOV_OUT 120 AX
[INFO] 22:28:00:282 consola/(161331:161331): WAIT DISCO

[INFO] 22:28:00:282 consola/(161331:161331): IO 10
[INFO] 22:28:00:282 consola/(161331:161331): SIGNAL DISCO

[INFO] 22:28:00:282 consola/(161331:161331): MOV_IN BX 120
[INFO] 22:28:00:282 consola/(161331:161331): F_OPEN ARCHIVO

[INFO] 22:28:00:282 consola/(161331:161331): F_READ 0 0
[INFO] 22:28:00:282 consola/(161331:161331): F_TRUNCATE ARCHIVO 64
[INFO] 22:28:00:282 consola/(161331:161331): F_SEEK ARCHIVO 10
[INFO] 22:28:00:282 consola/(161331:161331): CREATE_SEGMENT 1 128
[INFO] 22:28:00:282 consola/(161331:161331): F_WRITE 4 4
[INFO] 22:28:00:282 consola/(161331:161331): F_READ -1 -1
[INFO] 22:28:00:282 consola/(161331:161331): DELETE_SEGMENT 1
[INFO] 22:28:00:282 consola/(161331:161331): F_CLOSE ARCHIVO

[INFO] 22:28:00:282 consola/(161331:161331): YIELD
[INFO] 22:28:00:282 consola/(161331:161331): Se parsearon 16 instrucciones.
[INFO] 22:31:06:772 consola/(161805:161805): INICIANDO CONSOLA...
[INFO] 22:31:06:772 consola/(161805:161805): Cantidad de parametros: 3
[INFO] 22:31:06:772 consola/(161805:161805): CONSOLA INICIALIZADA CORRECTAMENTE
[INFO] 22:31:06:772 consola/(161805:161805): ARCHIVO DE INSTRUCCIONES ABIERTO, LEYENDO INSTRUCCIONES...
[INFO] 22:31:06:772 consola/(161805:161805): SET AX HOLA

[INFO] 22:31:06:772 consola/(161805:161805): MOV_OUT 120 AX
[INFO] 22:31:06:773 consola/(161805:161805): WAIT DISCO

[INFO] 22:31:06:773 consola/(161805:161805): IO 10
[INFO] 22:31:06:773 consola/(161805:161805): SIGNAL DISCO

[INFO] 22:31:06:773 consola/(161805:161805): MOV_IN BX 120
[INFO] 22:31:06:773 consola/(161805:161805): F_OPEN ARCHIVO

[INFO] 22:31:06:773 consola/(161805:161805): F_READ 0 0
[INFO] 22:31:06:773 consola/(161805:161805): F_TRUNCATE ARCHIVO 64
[INFO] 22:31:06:773 consola/(161805:161805): F_SEEK ARCHIVO 10
[INFO] 22:31:06:773 consola/(161805:161805): CREATE_SEGMENT 1 128
[INFO] 22:31:06:773 consola/(161805:161805): F_WRITE 4 4
[INFO] 22:31:06:773 consola/(161805:161805): F_READ -1 -1
[INFO] 22:31:06:773 consola/(161805:161805): DELETE_SEGMENT 1
[INFO] 22:31:06:773 consola/(161805:161805): F_CLOSE ARCHIVO

[INFO] 22:31:06:773 consola/(161805:161805): EXIT
[INFO] 22:31:06:773 consola/(161805:161805): Se parsearon 16 instrucciones.
[INFO] 22:31:23:247 consola/(161921:161921): INICIANDO CONSOLA...
[INFO] 22:31:23:247 consola/(161921:161921): Cantidad de parametros: 3
[INFO] 22:31:23:247 consola/(161921:161921): CONSOLA INICIALIZADA CORRECTAMENTE
[INFO] 22:31:23:248 consola/(161921:161921): ARCHIVO DE INSTRUCCIONES ABIERTO, LEYENDO INSTRUCCIONES...
[INFO] 22:31:23:248 consola/(161921:161921): SET AX HOLA

[INFO] 22:31:23:248 consola/(161921:161921): MOV_OUT 120 AX
[INFO] 22:31:23:248 consola/(161921:161921): WAIT DISCO

[INFO] 22:31:23:248 consola/(161921:161921): IO 10
[INFO] 22:31:23:248 consola/(161921:161921): SIGNAL DISCO

[INFO] 22:31:23:248 consola/(161921:161921): MOV_IN BX 120
[INFO] 22:31:23:248 consola/(161921:161921): F_OPEN ARCHIVO

[INFO] 22:31:23:248 consola/(161921:161921): F_READ 0 0
[INFO] 22:31:23:248 consola/(161921:161921): F_TRUNCATE ARCHIVO 64
[INFO] 22:31:23:248 consola/(161921:161921): F_SEEK ARCHIVO 10
[INFO] 22:31:23:248 consola/(161921:161921): CREATE_SEGMENT 1 128
[INFO] 22:31:23:248 consola/(161921:161921): F_WRITE 4 4
[INFO] 22:31:23:248 consola/(161921:161921): F_READ -1 -1
[INFO] 22:31:23:248 consola/(161921:161921): DELETE_SEGMENT 1
[INFO] 22:31:23:248 consola/(161921:161921): F_CLOSE ARCHIVO

[INFO] 22:31:23:248 consola/(161921:161921): EXIT
[INFO] 22:31:23:248 consola/(161921:161921): Se parsearon 16 instrucciones.
[INFO] 22:32:00:108 consola/(162128:162128): INICIANDO CONSOLA...
[INFO] 22:32:00:108 consola/(162128:162128): Cantidad de parametros: 3
[INFO] 22:32:00:108 consola/(162128:162128): CONSOLA INICIALIZADA CORRECTAMENTE
[INFO] 22:32:00:108 consola/(162128:162128): ARCHIVO DE INSTRUCCIONES ABIERTO, LEYENDO INSTRUCCIONES...
[INFO] 22:32:00:108 consola/(162128:162128): SET AX HOLA

[INFO] 22:32:00:108 consola/(162128:162128): MOV_OUT 120 AX
[INFO] 22:32:00:108 consola/(162128:162128): WAIT DISCO

[INFO] 22:32:00:109 consola/(162128:162128): IO 10
[INFO] 22:32:00:109 consola/(162128:162128): SIGNAL DISCO

[INFO] 22:32:00:109 consola/(162128:162128): MOV_IN BX 120
[INFO] 22:32:00:109 consola/(162128:162128): F_OPEN ARCHIVO

[INFO] 22:32:00:109 consola/(162128:162128): F_READ 0 0
[INFO] 22:32:00:109 consola/(162128:162128): F_TRUNCATE ARCHIVO 64
[INFO] 22:32:00:109 consola/(162128:162128): F_SEEK ARCHIVO 10
[INFO] 22:32:00:109 consola/(162128:162128): CREATE_SEGMENT 1 128
[INFO] 22:32:00:109 consola/(162128:162128): F_WRITE 4 4
[INFO] 22:32:00:109 consola/(162128:162128): F_READ -1 -1
[INFO] 22:32:00:109 consola/(162128:162128): DELETE_SEGMENT 1
[INFO] 22:32:00:109 consola/(162128:162128): F_CLOSE ARCHIVO

[INFO] 22:32:00:109 consola/(162128:162128): EXIT
[INFO] 22:32:00:109 consola/(162128:162128): Se parsearon 16 instrucciones.
[INFO] 15:15:05:341 consola/(233122:233122): INICIANDO CONSOLA...
[INFO] 15:15:05:343 consola/(233122:233122): Cantidad de parametros: 1
[ERROR] 15:15:05:343 consola/(233122:233122): CANTIDAD DE PARAMETROS INCORRECTA
[ERROR] 15:15:05:344 consola/(233122:233122): NO SE PUEDE ABRIR EL ARCHIVO DE INSTRUCCIONES, ABORTANDO CONSOLA...
[INFO] 15:17:05:849 consola/(233505:233505): INICIANDO CONSOLA...
[INFO] 15:17:05:849 consola/(233505:233505): Cantidad de parametros: 1
[ERROR] 15:17:05:849 consola/(233505:233505): CANTIDAD DE PARAMETROS INCORRECTA
[ERROR] 15:17:05:849 consola/(233505:233505): NO SE PUEDE ABRIR EL ARCHIVO DE INSTRUCCIONES, ABORTANDO CONSOLA...
[INFO] 15:17:49:216 consola/(234288:234288): INICIANDO CONSOLA...
[INFO] 15:17:49:217 consola/(234288:234288): Cantidad de parametros: 1
[ERROR] 15:17:49:217 consola/(234288:234288): CANTIDAD DE PARAMETROS INCORRECTA
[ERROR] 15:17:49:217 consola/(234288:234288): NO SE PUEDE ABRIR EL ARCHIVO DE INSTRUCCIONES, ABORTANDO CONSOLA...
[INFO] 15:18:29:773 consola/(235133:235133): INICIANDO CONSOLA...
[INFO] 15:18:29:773 consola/(235133:235133): Cantidad de parametros: 3
[INFO] 15:18:29:773 consola/(235133:235133): CONSOLA INICIALIZADA CORRECTAMENTE
[INFO] 15:18:29:773 consola/(235133:235133): ARCHIVO DE INSTRUCCIONES ABIERTO, LEYENDO INSTRUCCIONES...
[INFO] 15:18:29:773 consola/(235133:235133): SET AX HOLA

[INFO] 15:18:29:773 consola/(235133:235133): MOV_OUT 120 AX
[INFO] 15:18:29:773 consola/(235133:235133): WAIT DISCO

[INFO] 15:18:29:773 consola/(235133:235133): IO 10
[INFO] 15:18:29:773 consola/(235133:235133): SIGNAL DISCO

[INFO] 15:18:29:773 consola/(235133:235133): MOV_IN BX 120
[INFO] 15:18:29:773 consola/(235133:235133): F_OPEN ARCHIVO

[INFO] 15:18:29:773 consola/(235133:235133): F_READ 0 0
[INFO] 15:18:29:774 consola/(235133:235133): F_TRUNCATE ARCHIVO 64
[INFO] 15:18:29:774 consola/(235133:235133): F_SEEK ARCHIVO 10
[INFO] 15:18:29:774 consola/(235133:235133): CREATE_SEGMENT 1 128
[INFO] 15:18:29:774 consola/(235133:235133): F_WRITE 4 4
[INFO] 15:18:29:774 consola/(235133:235133): F_READ -1 -1
[INFO] 15:18:29:774 consola/(235133:235133): DELETE_SEGMENT 1
[INFO] 15:18:29:774 consola/(235133:235133): F_CLOSE ARCHIVO

[INFO] 15:18:29:774 consola/(235133:235133): EXIT
[INFO] 15:18:29:774 consola/(235133:235133): Se parsearon 16 instrucciones.
[INFO] 15:18:45:247 consola/(235226:235226): INICIANDO CONSOLA...
[INFO] 15:18:45:247 consola/(235226:235226): Cantidad de parametros: 3
[INFO] 15:18:45:247 consola/(235226:235226): CONSOLA INICIALIZADA CORRECTAMENTE
[INFO] 15:18:45:247 consola/(235226:235226): ARCHIVO DE INSTRUCCIONES ABIERTO, LEYENDO INSTRUCCIONES...
[INFO] 15:18:45:247 consola/(235226:235226): SET AX HOLA

[INFO] 15:18:45:247 consola/(235226:235226): MOV_OUT 120 AX
[INFO] 15:18:45:247 consola/(235226:235226): WAIT DISCO

[INFO] 15:18:45:247 consola/(235226:235226): IO 10
[INFO] 15:18:45:247 consola/(235226:235226): SIGNAL DISCO

[INFO] 15:18:45:247 consola/(235226:235226): MOV_IN BX 120
[INFO] 15:18:45:247 consola/(235226:235226): F_OPEN ARCHIVO

[INFO] 15:18:45:247 consola/(235226:235226): F_READ 0 0
[INFO] 15:18:45:247 consola/(235226:235226): F_TRUNCATE ARCHIVO 64
[INFO] 15:18:45:247 consola/(235226:235226): F_SEEK ARCHIVO 10
[INFO] 15:18:45:247 consola/(235226:235226): CREATE_SEGMENT 1 128
[INFO] 15:18:45:247 consola/(235226:235226): F_WRITE 4 4
[INFO] 15:18:45:247 consola/(235226:235226): F_READ -1 -1
[INFO] 15:18:45:247 consola/(235226:235226): DELETE_SEGMENT 1
[INFO] 15:18:45:247 consola/(235226:235226): F_CLOSE ARCHIVO

[INFO] 15:18:45:248 consola/(235226:235226): EXIT
[INFO] 15:18:45:248 consola/(235226:235226): Se parsearon 16 instrucciones.
[INFO] 15:21:47:356 consola/(235681:235681): INICIANDO CONSOLA...
[INFO] 15:21:47:356 consola/(235681:235681): Cantidad de parametros: 3
[INFO] 15:21:47:356 consola/(235681:235681): CONSOLA INICIALIZADA CORRECTAMENTE
[INFO] 15:21:47:356 consola/(235681:235681): ARCHIVO DE INSTRUCCIONES ABIERTO, LEYENDO INSTRUCCIONES...
[INFO] 15:21:47:356 consola/(235681:235681): SET AX HOLA

[INFO] 15:21:47:356 consola/(235681:235681): MOV_OUT 120 AX
[INFO] 15:21:47:356 consola/(235681:235681): WAIT DISCO

[INFO] 15:21:47:356 consola/(235681:235681): IO 10
[INFO] 15:21:47:356 consola/(235681:235681): SIGNAL DISCO

[INFO] 15:21:47:356 consola/(235681:235681): MOV_IN BX 120
[INFO] 15:21:47:356 consola/(235681:235681): F_OPEN ARCHIVO

[INFO] 15:21:47:356 consola/(235681:235681): F_READ (null) 0 0
[INFO] 15:21:47:356 consola/(235681:235681): F_TRUNCATE ARCHIVO 64
[INFO] 15:21:47:356 consola/(235681:235681): F_SEEK ARCHIVO 10
[INFO] 15:21:47:356 consola/(235681:235681): CREATE_SEGMENT 1 128
[INFO] 15:21:47:356 consola/(235681:235681): F_WRITE ARCHIVO 4 4
[INFO] 15:21:47:356 consola/(235681:235681): F_READ ARCHIVO -1 -1
[INFO] 15:21:47:356 consola/(235681:235681): DELETE_SEGMENT 1
[INFO] 15:21:47:356 consola/(235681:235681): F_CLOSE ARCHIVO

[INFO] 15:21:47:356 consola/(235681:235681): EXIT
[INFO] 15:21:47:356 consola/(235681:235681): Se parsearon 16 instrucciones.
[INFO] 15:23:25:528 consola/(235951:235951): INICIANDO CONSOLA...
[INFO] 15:23:25:528 consola/(235951:235951): Cantidad de parametros: 3
[INFO] 15:23:25:528 consola/(235951:235951): CONSOLA INICIALIZADA CORRECTAMENTE
[INFO] 15:23:25:528 consola/(235951:235951): ARCHIVO DE INSTRUCCIONES ABIERTO, LEYENDO INSTRUCCIONES...
[INFO] 15:23:25:528 consola/(235951:235951): SET AX HOLA

[INFO] 15:23:25:528 consola/(235951:235951): MOV_OUT 120 AX
[INFO] 15:23:25:528 consola/(235951:235951): WAIT DISCO

[INFO] 15:23:25:528 consola/(235951:235951): IO 10
[INFO] 15:23:25:528 consola/(235951:235951): SIGNAL DISCO

[INFO] 15:23:25:528 consola/(235951:235951): MOV_IN BX 120
[INFO] 15:23:25:528 consola/(235951:235951): F_OPEN ARCHIVO

[INFO] 15:23:25:528 consola/(235951:235951): F_READ (null) 0 0
[INFO] 15:23:25:528 consola/(235951:235951): F_TRUNCATE ARCHIVO 64
[INFO] 15:23:25:529 consola/(235951:235951): F_SEEK ARCHIVO 10
[INFO] 15:23:25:529 consola/(235951:235951): CREATE_SEGMENT 1 128
[INFO] 15:23:25:529 consola/(235951:235951): F_WRITE ARCHIVO 4 4
[INFO] 15:23:25:529 consola/(235951:235951): F_READ ARCHIVO 16 16
[INFO] 15:23:25:529 consola/(235951:235951): DELETE_SEGMENT 1
[INFO] 15:23:25:529 consola/(235951:235951): F_CLOSE ARCHIVO

[INFO] 15:23:25:529 consola/(235951:235951): EXIT
[INFO] 15:23:25:529 consola/(235951:235951): Se parsearon 16 instrucciones.
[INFO] 15:23:32:610 consola/(236039:236039): INICIANDO CONSOLA...
[INFO] 15:23:32:610 consola/(236039:236039): Cantidad de parametros: 3
[INFO] 15:23:32:610 consola/(236039:236039): CONSOLA INICIALIZADA CORRECTAMENTE
[INFO] 15:23:32:610 consola/(236039:236039): ARCHIVO DE INSTRUCCIONES ABIERTO, LEYENDO INSTRUCCIONES...
[INFO] 15:23:32:610 consola/(236039:236039): SET AX HOLA

[INFO] 15:23:32:610 consola/(236039:236039): MOV_OUT 120 AX
[INFO] 15:23:32:610 consola/(236039:236039): WAIT DISCO

[INFO] 15:23:32:610 consola/(236039:236039): IO 10
[INFO] 15:23:32:610 consola/(236039:236039): SIGNAL DISCO

[INFO] 15:23:32:610 consola/(236039:236039): MOV_IN BX 120
[INFO] 15:23:32:610 consola/(236039:236039): F_OPEN ARCHIVO

[INFO] 15:23:32:610 consola/(236039:236039): F_READ (null) 0 0
[INFO] 15:23:32:610 consola/(236039:236039): F_TRUNCATE ARCHIVO 64
[INFO] 15:23:32:610 consola/(236039:236039): F_SEEK ARCHIVO 10
[INFO] 15:23:32:610 consola/(236039:236039): CREATE_SEGMENT 1 128
[INFO] 15:23:32:610 consola/(236039:236039): F_WRITE ARCHIVO 4 4
[INFO] 15:23:32:610 consola/(236039:236039): F_READ ARCHIVO 16 4
[INFO] 15:23:32:610 consola/(236039:236039): DELETE_SEGMENT 1
[INFO] 15:23:32:610 consola/(236039:236039): F_CLOSE ARCHIVO

[INFO] 15:23:32:610 consola/(236039:236039): EXIT
[INFO] 15:23:32:610 consola/(236039:236039): Se parsearon 16 instrucciones.
[INFO] 15:26:03:799 consola/(236523:236523): INICIANDO CONSOLA...
[INFO] 15:26:03:799 consola/(236523:236523): Cantidad de parametros: 3
[INFO] 15:26:03:799 consola/(236523:236523): CONSOLA INICIALIZADA CORRECTAMENTE
[INFO] 15:26:03:799 consola/(236523:236523): ARCHIVO DE INSTRUCCIONES ABIERTO, LEYENDO INSTRUCCIONES...
[INFO] 15:26:03:799 consola/(236523:236523): SET AX HOLA

[INFO] 15:26:03:799 consola/(236523:236523): MOV_OUT 120 AX
[INFO] 15:26:03:799 consola/(236523:236523): WAIT DISCO

[INFO] 15:26:03:799 consola/(236523:236523): IO 10
[INFO] 15:26:03:799 consola/(236523:236523): SIGNAL DISCO

[INFO] 15:26:03:799 consola/(236523:236523): MOV_IN BX 120
[INFO] 15:26:03:799 consola/(236523:236523): F_OPEN ARCHIVO

[INFO] 15:27:52:110 consola/(236828:236828): INICIANDO CONSOLA...
[INFO] 15:27:52:110 consola/(236828:236828): Cantidad de parametros: 3
[INFO] 15:27:52:110 consola/(236828:236828): CONSOLA INICIALIZADA CORRECTAMENTE
[INFO] 15:27:52:110 consola/(236828:236828): ARCHIVO DE INSTRUCCIONES ABIERTO, LEYENDO INSTRUCCIONES...
[INFO] 15:27:52:110 consola/(236828:236828): SET AX HOLA

[INFO] 15:27:52:110 consola/(236828:236828): MOV_OUT 120 AX
[INFO] 15:27:52:110 consola/(236828:236828): WAIT DISCO

[INFO] 15:27:52:110 consola/(236828:236828): IO 10
[INFO] 15:27:52:110 consola/(236828:236828): SIGNAL DISCO

[INFO] 15:27:52:110 consola/(236828:236828): MOV_IN BX 120
[INFO] 15:27:52:110 consola/(236828:236828): F_OPEN ARCHIVO

[INFO] 15:28:52:809 consola/(237037:237037): INICIANDO CONSOLA...
[INFO] 15:28:52:809 consola/(237037:237037): Cantidad de parametros: 3
[INFO] 15:28:52:809 consola/(237037:237037): CONSOLA INICIALIZADA CORRECTAMENTE
[INFO] 15:28:52:809 consola/(237037:237037): ARCHIVO DE INSTRUCCIONES ABIERTO, LEYENDO INSTRUCCIONES...
[INFO] 15:28:52:809 consola/(237037:237037): SET AX HOLA

[INFO] 15:28:52:809 consola/(237037:237037): MOV_OUT 120 AX
[INFO] 15:28:52:809 consola/(237037:237037): WAIT DISCO

[INFO] 15:28:52:809 consola/(237037:237037): IO 10
[INFO] 15:28:52:809 consola/(237037:237037): SIGNAL DISCO

[INFO] 15:28:52:809 consola/(237037:237037): MOV_IN BX 120
[INFO] 15:28:52:809 consola/(237037:237037): F_OPEN ARCHIVO

[INFO] 15:29:03:665 consola/(237037:237037): F_READ (null) 0 0
[INFO] 15:29:03:665 consola/(237037:237037): F_TRUNCATE ARCHIVO 64
[INFO] 15:29:03:665 consola/(237037:237037): F_SEEK ARCHIVO 10
[INFO] 15:29:03:665 consola/(237037:237037): CREATE_SEGMENT 1 128
[INFO] 15:29:03:665 consola/(237037:237037): F_WRITE ARCHIVO 4 4
[INFO] 15:29:03:665 consola/(237037:237037): F_READ ARCHIVO 16 4
[INFO] 15:29:03:665 consola/(237037:237037): DELETE_SEGMENT 1
[INFO] 15:29:03:665 consola/(237037:237037): F_CLOSE ARCHIVO

[INFO] 15:30:18:927 consola/(237330:237330): INICIANDO CONSOLA...
[INFO] 15:30:18:927 consola/(237330:237330): Cantidad de parametros: 3
[INFO] 15:30:18:927 consola/(237330:237330): CONSOLA INICIALIZADA CORRECTAMENTE
[INFO] 15:30:18:927 consola/(237330:237330): ARCHIVO DE INSTRUCCIONES ABIERTO, LEYENDO INSTRUCCIONES...
[INFO] 15:30:18:927 consola/(237330:237330): SET AX HOLA

[INFO] 15:30:18:927 consola/(237330:237330): MOV_OUT 120 AX
[INFO] 15:30:18:927 consola/(237330:237330): WAIT DISCO

[INFO] 15:30:18:927 consola/(237330:237330): IO 10
[INFO] 15:30:18:927 consola/(237330:237330): SIGNAL DISCO

[INFO] 15:30:18:927 consola/(237330:237330): MOV_IN BX 120
[INFO] 15:30:18:927 consola/(237330:237330): F_OPEN ARCHIVO

[INFO] 15:33:32:684 consola/(237829:237829): INICIANDO CONSOLA...
[INFO] 15:33:32:684 consola/(237829:237829): Cantidad de parametros: 3
[INFO] 15:33:32:684 consola/(237829:237829): CONSOLA INICIALIZADA CORRECTAMENTE
[INFO] 15:33:32:684 consola/(237829:237829): ARCHIVO DE INSTRUCCIONES ABIERTO, LEYENDO INSTRUCCIONES...
[INFO] 15:34:21:521 consola/(238029:238029): INICIANDO CONSOLA...
[INFO] 15:34:21:521 consola/(238029:238029): Cantidad de parametros: 3
[INFO] 15:34:21:521 consola/(238029:238029): CONSOLA INICIALIZADA CORRECTAMENTE
[INFO] 15:34:21:521 consola/(238029:238029): ARCHIVO DE INSTRUCCIONES ABIERTO, LEYENDO INSTRUCCIONES...
[INFO] 15:34:54:572 consola/(238217:238217): INICIANDO CONSOLA...
[INFO] 15:34:54:572 consola/(238217:238217): Cantidad de parametros: 3
[INFO] 15:34:54:572 consola/(238217:238217): CONSOLA INICIALIZADA CORRECTAMENTE
[INFO] 15:34:54:572 consola/(238217:238217): ARCHIVO DE INSTRUCCIONES ABIERTO, LEYENDO INSTRUCCIONES...
[INFO] 15:34:54:572 consola/(238217:238217): SET AX HOLA

[INFO] 15:34:54:572 consola/(238217:238217): MOV_OUT 120 AX
[INFO] 15:34:54:572 consola/(238217:238217): WAIT DISCO

[INFO] 15:34:54:572 consola/(238217:238217): IO 10
[INFO] 15:34:54:572 consola/(238217:238217): SIGNAL DISCO

[INFO] 15:34:54:572 consola/(238217:238217): MOV_IN BX 120
[INFO] 15:34:54:573 consola/(238217:238217): F_OPEN ARCHIVO

[ERROR] 15:34:54:573 consola/(238217:238217): Hola
[INFO] 15:34:54:573 consola/(238217:238217): YIELD
[INFO] 15:34:54:573 consola/(238217:238217): F_TRUNCATE ARCHIVO 64
[INFO] 15:34:54:573 consola/(238217:238217): F_SEEK ARCHIVO 10
[INFO] 15:34:54:573 consola/(238217:238217): CREATE_SEGMENT 1 128
[INFO] 15:34:54:573 consola/(238217:238217): F_WRITE ARCHIVO 4 4
[INFO] 15:34:54:573 consola/(238217:238217): F_READ ARCHIVO 16 4
[INFO] 15:34:54:573 consola/(238217:238217): DELETE_SEGMENT 1
[INFO] 15:34:54:573 consola/(238217:238217): F_CLOSE ARCHIVO

[INFO] 15:34:54:573 consola/(238217:238217): EXIT
[INFO] 15:34:54:573 consola/(238217:238217): Se parsearon 16 instrucciones.
[INFO] 15:39:54:969 consola/(238916:238916): INICIANDO CONSOLA...
[INFO] 15:39:54:969 consola/(238916:238916): Cantidad de parametros: 3
[INFO] 15:39:54:969 consola/(238916:238916): CONSOLA INICIALIZADA CORRECTAMENTE
[INFO] 15:39:54:969 consola/(238916:238916): ARCHIVO DE INSTRUCCIONES ABIERTO, LEYENDO INSTRUCCIONES...
[INFO] 15:41:15:105 consola/(239208:239208): INICIANDO CONSOLA...
[INFO] 15:41:15:105 consola/(239208:239208): Cantidad de parametros: 3
[INFO] 15:41:15:105 consola/(239208:239208): CONSOLA INICIALIZADA CORRECTAMENTE
[INFO] 15:41:15:105 consola/(239208:239208): ARCHIVO DE INSTRUCCIONES ABIERTO, LEYENDO INSTRUCCIONES...
[INFO] 15:41:15:105 consola/(239208:239208): SET AX HOLA

[INFO] 15:41:15:105 consola/(239208:239208): MOV_OUT 120 AX
[INFO] 15:41:15:105 consola/(239208:239208): WAIT DISCO

[INFO] 15:41:15:105 consola/(239208:239208): IO 10
[INFO] 15:41:15:106 consola/(239208:239208): SIGNAL DISCO

[INFO] 15:41:15:106 consola/(239208:239208): MOV_IN BX 120
[INFO] 15:41:15:106 consola/(239208:239208): F_OPEN ARCHIVO

[INFO] 15:41:15:106 consola/(239208:239208): YIELD
[INFO] 15:41:15:106 consola/(239208:239208): F_TRUNCATE ARCHIVO 64
[INFO] 15:41:15:106 consola/(239208:239208): F_SEEK ARCHIVO 10
[INFO] 15:41:15:106 consola/(239208:239208): CREATE_SEGMENT 1 128
[INFO] 15:41:15:106 consola/(239208:239208): F_WRITE ARCHIVO 4 4
[INFO] 15:41:15:106 consola/(239208:239208): F_READ ARCHIVO 16 4
[INFO] 15:41:15:106 consola/(239208:239208): DELETE_SEGMENT 1
[INFO] 15:41:15:106 consola/(239208:239208): F_CLOSE ARCHIVO

[INFO] 15:41:15:106 consola/(239208:239208): EXIT
[INFO] 15:41:15:106 consola/(239208:239208): Se parsearon 16 instrucciones.
