[INFO] 15:38:59:355 memoria/(3657:3657): Soy el modulo memoria! guarde el logger en la siguiente ruta:./cfg/memoria.log. Hice uso de la shared!
[INFO] 02:16:56:270 memoria/(9085:9085): Soy el modulo memoria! guarde el logger en la siguiente ruta:./cfg/memoria.log. Hice uso de la shared!
[INFO] 05:06:31:368 memoria/(11379:11379): Soy el modulo memoria! guarde el logger en la siguiente ruta:./cfg/memoria.log. Hice uso de la shared!
[INFO] 05:07:10:245 memoria/(11446:11446): Soy el modulo memoria! guarde el logger en la siguiente ruta:./cfg/memoria.log. Hice uso de la shared!
[INFO] 05:09:03:554 memoria/(11514:11514): Soy el modulo memoria! guarde el logger en la siguiente ruta:./cfg/memoria.log. Hice uso de la shared!
[INFO] 05:10:09:701 memoria/(11578:11578): Soy el modulo memoria! guarde el logger en la siguiente ruta:./cfg/memoria.log. Hice uso de la shared!
[INFO] 05:10:25:133 memoria/(11627:11627): Soy el modulo memoria! guarde el logger en la siguiente ruta:./cfg/memoria.log. Hice uso de la shared!
[INFO] 05:10:59:336 memoria/(11744:11744): Soy el modulo memoria! guarde el logger en la siguiente ruta:./cfg/memoria.log. Hice uso de la shared!
[INFO] 05:13:14:749 memoria/(11834:11834): Soy el modulo memoria! guarde el logger en la siguiente ruta:./cfg/memoria.log. Hice uso de la shared!
[INFO] 05:13:27:199 memoria/(11887:11887): Soy el modulo memoria! guarde el logger en la siguiente ruta:./cfg/memoria.log. Hice uso de la shared!
[INFO] 05:19:21:358 memoria/(12088:12088): Soy el modulo memoria! guarde el logger en la siguiente ruta:./cfg/memoria.log. Hice uso de la shared!
[INFO] 05:19:49:171 memoria/(12129:12129): Soy el modulo memoria! guarde el logger en la siguiente ruta:./cfg/memoria.log. Hice uso de la shared!
[INFO] 05:20:26:672 memoria/(12175:12175): Soy el modulo memoria! guarde el logger en la siguiente ruta:./cfg/memoria.log. Hice uso de la shared!
[INFO] 05:29:44:471 memoria/(12452:12452): Soy el modulo memoria! guarde el logger en la siguiente ruta:./cfg/memoria.log. Hice uso de la shared!
[INFO] 05:30:25:509 memoria/(12509:12509): Soy el modulo memoria! guarde el logger en la siguiente ruta:./cfg/memoria.log. Hice uso de la shared!
[INFO] 05:30:49:458 memoria/(12571:12571): Soy el modulo memoria! guarde el logger en la siguiente ruta:./cfg/memoria.log. Hice uso de la shared!
[INFO] 05:32:16:966 memoria/(12708:12708): Soy el modulo memoria! guarde el logger en la siguiente ruta:./cfg/memoria.log. Hice uso de la shared!
[INFO] 05:42:26:059 memoria/(12865:12865): Soy el modulo memoria! guarde el logger en la siguiente ruta:./cfg/memoria.log. Hice uso de la shared!
[INFO] 05:42:46:491 memoria/(12964:12964): Soy el modulo memoria! guarde el logger en la siguiente ruta:./cfg/memoria.log. Hice uso de la shared!
[INFO] 05:59:38:542 memoria/(13131:13131): Soy el modulo memoria! guarde el logger en la siguiente ruta:./cfg/memoria.log. Hice uso de la shared!
[INFO] 06:01:22:532 memoria/(13227:13227): Soy el modulo memoria! guarde el logger en la siguiente ruta:./cfg/memoria.log. Hice uso de la shared!
[INFO] 06:03:31:809 memoria/(13402:13402): Soy el modulo memoria! guarde el logger en la siguiente ruta:./cfg/memoria.log. Hice uso de la shared!
[INFO] 06:43:05:762 memoria/(13703:13703): Soy el modulo memoria! guarde el logger en la siguiente ruta:./cfg/memoria.log. Hice uso de la shared!
[INFO] 06:46:33:472 memoria/(14040:14040): Soy el modulo memoria! guarde el logger en la siguiente ruta:./cfg/memoria.log. Hice uso de la shared!
[INFO] 06:48:36:014 memoria/(14199:14199): Soy el modulo memoria! guarde el logger en la siguiente ruta:./cfg/memoria.log. Hice uso de la shared!
[INFO] 06:48:47:638 memoria/(14267:14267): Soy el modulo memoria! guarde el logger en la siguiente ruta:./cfg/memoria.log. Hice uso de la shared!
[INFO] 06:50:47:316 memoria/(14429:14429): Soy el modulo memoria! guarde el logger en la siguiente ruta:./cfg/memoria.log. Hice uso de la shared!
[INFO] 14:59:22:751 memoria/(2203:2203): Soy el modulo memoria! guarde el logger en la siguiente ruta:./cfg/memoria.log. Hice uso de la shared!
[INFO] 15:08:48:182 memoria/(2336:2336): Soy el modulo memoria! guarde el logger en la siguiente ruta:./cfg/memoria.log. Hice uso de la shared!
[INFO] 15:11:03:289 memoria/(2441:2441): Soy el modulo memoria! guarde el logger en la siguiente ruta:./cfg/memoria.log. Hice uso de la shared!
[INFO] 15:11:17:559 memoria/(2490:2490): Soy el modulo memoria! guarde el logger en la siguiente ruta:./cfg/memoria.log. Hice uso de la shared!
[INFO] 15:11:28:463 memoria/(2538:2538): Soy el modulo memoria! guarde el logger en la siguiente ruta:./cfg/memoria.log. Hice uso de la shared!
[INFO] 15:11:34:784 memoria/(2576:2576): Soy el modulo memoria! guarde el logger en la siguiente ruta:./cfg/memoria.log. Hice uso de la shared!
[INFO] 15:19:06:471 memoria/(3336:3336): Test
[INFO] 15:19:18:752 memoria/(3366:3366): Test
[INFO] 15:23:01:794 memoria/(3449:3449): Soy el modulo memoria! guarde el logger en la siguiente ruta:./cfg/memoria.log. Hice uso de la shared!
[INFO] 15:23:01:797 memoria/(3449:3449): Servidor listo para recibir al cliente
[INFO] 15:31:30:962 memoria/(3641:3641): Soy el modulo memoria! guarde el logger en la siguiente ruta:./cfg/memoria.log. Hice uso de la shared!
[INFO] 15:31:30:964 memoria/(3641:3641): Servidor listo para recibir al cliente
[INFO] 15:31:51:592 memoria/(3724:3724): Soy el modulo memoria! guarde el logger en la siguiente ruta:./cfg/memoria.log. Hice uso de la shared!
[INFO] 15:31:51:603 memoria/(3724:3724): Servidor listo para recibir al cliente
[INFO] 15:32:40:973 memoria/(3800:3800): Soy el modulo memoria! guarde el logger en la siguiente ruta:./cfg/memoria.log. Hice uso de la shared!
[INFO] 15:33:11:196 memoria/(3934:3934): Soy el modulo memoria! guarde el logger en la siguiente ruta:./cfg/memoria.log. Hice uso de la shared!
[INFO] 15:44:06:917 memoria/(4163:4163): Soy el modulo memoria! guarde el logger en la siguiente ruta:./cfg/memoria.log. Hice uso de la shared!
[INFO] 15:45:39:278 memoria/(4428:4428): Soy el modulo memoria! guarde el logger en la siguiente ruta:./cfg/memoria.log. Hice uso de la shared!
[INFO] 15:45:55:180 memoria/(4479:4479): Soy el modulo memoria! guarde el logger en la siguiente ruta:./cfg/memoria.log. Hice uso de la shared!
[INFO] 15:45:55:183 memoria/(4479:4479): Servidor listo para recibir al cliente
[INFO] 15:47:36:778 memoria/(4565:4565): Soy el modulo memoria! guarde el logger en la siguiente ruta:./cfg/memoria.log. Hice uso de la shared!
[INFO] 15:47:36:783 memoria/(4565:4565): Servidor listo para recibir al cliente
[INFO] 15:53:01:166 memoria/(4853:4853): Soy el modulo memoria! guarde el logger en la siguiente ruta:./cfg/memoria.log. Hice uso de la shared!
[INFO] 15:53:01:169 memoria/(4853:4853): Servidor listo para recibir al cliente
[INFO] 15:55:28:578 memoria/(5181:5181): Soy el modulo memoria! guarde el logger en la siguiente ruta:./cfg/memoria.log. Hice uso de la shared!
[INFO] 15:55:28:585 memoria/(5181:5181): Servidor listo para recibir al cliente
[INFO] 15:57:34:068 memoria/(5551:5551): Soy el modulo memoria! guarde el logger en la siguiente ruta:./cfg/memoria.log. Hice uso de la shared!
[INFO] 15:57:34:077 memoria/(5551:5551): Servidor listo para recibir al cliente
[INFO] 16:01:08:306 memoria/(6254:6254): Soy el modulo memoria! guarde el logger en la siguiente ruta:./cfg/memoria.log. Hice uso de la shared!
[INFO] 16:01:38:711 memoria/(6326:6326): Soy el modulo memoria! guarde el logger en la siguiente ruta:./cfg/memoria.log. Hice uso de la shared!
[INFO] 16:01:38:719 memoria/(6326:6326): Servidor listo para recibir al cliente
[INFO] 16:01:53:626 memoria/(6393:6393): Soy el modulo memoria! guarde el logger en la siguiente ruta:./cfg/memoria.log. Hice uso de la shared!
[INFO] 16:02:22:974 memoria/(6443:6443): Soy el modulo memoria! guarde el logger en la siguiente ruta:./cfg/memoria.log. Hice uso de la shared!
[INFO] 16:02:22:977 memoria/(6443:6443): Servidor listo para recibir al cliente
[INFO] 16:07:39:686 memoria/(6653:6653): Soy el modulo memoria! guarde el logger en la siguiente ruta:./cfg/memoria.log. Hice uso de la shared!
[INFO] 16:07:39:702 memoria/(6653:6653): Servidor listo para recibir al cliente
[INFO] 16:07:46:831 memoria/(6653:6653): Se conecto un cliente!
[INFO] 16:07:46:831 memoria/(6653:6653): Me llego el mensaje Hola, Soy Koronel.
[ERROR] 16:07:46:831 memoria/(6653:6653): el cliente se desconecto. Terminando servidor
[INFO] 16:09:27:829 memoria/(6837:6837): Soy el modulo memoria! guarde el logger en la siguiente ruta:./cfg/memoria.log. Hice uso de la shared!
[INFO] 16:09:27:831 memoria/(6837:6837): Servidor listo para recibir al cliente
[INFO] 16:09:33:599 memoria/(6837:6837): Se conecto un cliente!
[INFO] 16:09:33:599 memoria/(6837:6837): Me llego el mensaje Hola, Soy Koronel.
[ERROR] 16:09:33:599 memoria/(6837:6837): el cliente se desconecto. Terminando servidor
