[INFO] 15:36:08:204 cpu/(3310:3310): Soy el modulo cpu! guarde el logger en la siguiente ruta:./cfg/cpu.log. Hice uso de la shared!
[INFO] 15:36:45:486 cpu/(3416:3416): Soy el modulo cpu! guarde el logger en la siguiente ruta:./cfg/cpu.log. Hice uso de la shared!
[INFO] 17:28:35:168 cpu/(5736:5736): Soy el modulo cpu! guarde el logger en la siguiente ruta:./cfg/cpu.log. Hice uso de la shared!
[INFO] 02:16:48:722 cpu/(9051:9051): Soy el modulo cpu! guarde el logger en la siguiente ruta:./cfg/cpu.log. Hice uso de la shared!
[INFO] 22:34:02:176 cpu/(33560:33560): Soy el modulo cpu! guarde el logger en la siguiente ruta:./cfg/cpu.log. Hice uso de la shared!
[INFO] 22:34:53:709 cpu/(33840:33840): Soy el modulo cpu! guarde el logger en la siguiente ruta:./cfg/cpu.log. Hice uso de la shared!
[INFO] 22:39:23:715 CPU/(34689:34689): Memoria lista para recibir a los modulos
[INFO] 23:31:06:228 CPU/(45315:45315): Memoria lista para recibir a los modulos
[INFO] 23:46:51:071 CPU/(48134:48134): INICIANDO CPU...
[INFO] 23:48:18:669 CPU/(48372:48372): INICIANDO CPU...
[INFO] 23:48:25:325 CPU/(48424:48424): INICIANDO CPU...
[INFO] 23:48:48:659 CPU/(48514:48514): INICIANDO CPU...
[INFO] 23:49:02:850 CPU/(48582:48582): INICIANDO CPU...
[INFO] 23:49:59:472 CPU/(48708:48708): INICIANDO CPU...
[INFO] 23:50:03:108 CPU/(48736:48736): INICIANDO CPU...
[INFO] 23:50:18:805 CPU/(48806:48806): INICIANDO CPU...
[INFO] 23:50:38:613 CPU/(48882:48882): INICIANDO CPU...
[INFO] 23:50:38:614 CPU/(48882:48882): 2
[INFO] 23:51:53:595 CPU/(49094:49094): INICIANDO CPU...
[INFO] 23:51:57:851 CPU/(49124:49124): INICIANDO CPU...
[INFO] 23:51:57:851 CPU/(49124:49124): 2
[INFO] 23:52:03:215 CPU/(49160:49160): INICIANDO CPU...
[INFO] 23:52:04:629 CPU/(49176:49176): INICIANDO CPU...
[INFO] 23:52:05:661 CPU/(49191:49191): INICIANDO CPU...
[INFO] 23:52:06:557 CPU/(49198:49198): INICIANDO CPU...
[INFO] 23:52:07:299 CPU/(49204:49204): INICIANDO CPU...
[INFO] 23:52:08:027 CPU/(49210:49210): INICIANDO CPU...
[INFO] 23:52:52:174 CPU/(49929:49929): INICIANDO CPU...
[INFO] 23:53:15:130 CPU/(50011:50011): INICIANDO CPU...
[INFO] 23:53:23:300 CPU/(50073:50073): INICIANDO CPU...
[INFO] 23:53:37:693 CPU/(50206:50206): INICIANDO CPU...
[INFO] 23:53:45:184 CPU/(50251:50251): INICIANDO CPU...
[INFO] 23:54:05:053 CPU/(50333:50333): INICIANDO CPU...
[INFO] 23:54:28:710 CPU/(50443:50443): INICIANDO CPU...
[INFO] 23:54:31:003 CPU/(50463:50463): INICIANDO CPU...
[INFO] 23:54:41:230 CPU/(50515:50515): INICIANDO CPU...
[INFO] 23:54:50:297 CPU/(50572:50572): INICIANDO CPU...
[INFO] 23:55:06:910 CPU/(50628:50628): INICIANDO CPU...
[INFO] 23:56:44:155 CPU/(50937:50937): INICIANDO CPU...
[INFO] 23:58:49:713 CPU/(51473:51473): INICIANDO CPU...
[INFO] 00:02:38:427 CPU/(52085:52085): INICIANDO CPU...
[INFO] 00:02:46:816 CPU/(52146:52146): INICIANDO CPU...
[INFO] 00:02:50:251 CPU/(52166:52166): INICIANDO CPU...
[INFO] 00:04:23:209 CPU/(52511:52511): INICIANDO CPU...
[INFO] 00:04:23:211 CPU/(52511:52511): todo bien
[INFO] 00:05:05:223 CPU/(52616:52616): INICIANDO CPU...
[INFO] 00:05:05:224 CPU/(52616:52616): todo bien
[INFO] 00:09:53:111 CPU/(53326:53326): INICIANDO CPU...
[INFO] 00:09:53:112 CPU/(53326:53326): todo bien
[INFO] 00:10:22:004 CPU/(53493:53493): INICIANDO CPU...
[INFO] 00:10:22:005 CPU/(53493:53493): todo bien
[INFO] 00:12:14:491 CPU/(53941:53941): INICIANDO CPU...
[INFO] 00:12:14:493 CPU/(53941:53941): todo bien
[INFO] 00:12:14:493 CPU/(53941:53941): cpu termino de esperar
[INFO] 00:12:50:426 CPU/(54025:54025): INICIANDO CPU...
[INFO] 00:12:50:428 CPU/(54025:54025): todo bien
[INFO] 00:12:50:431 CPU/(54025:54026): CPU listo para recibir clientes
[INFO] 00:19:54:091 CPU/(54954:54954): INICIANDO CPU...
[INFO] 00:19:54:092 CPU/(54954:54954): todo bien
[INFO] 00:19:54:097 CPU/(54954:54955): CPU listo para recibir clientes
[INFO] 00:20:39:712 CPU/(54954:54955): Se conecto un cliente!
